Using device: cuda
Using device: cuda
Using device: cuda
Using device: cuda

***** Training bert-base-uncased *****

***** Training bert-base-uncased *****

***** Training bert-base-uncased *****

***** Training bert-base-uncased *****
Gradient checkpointing is disabled for bert-base-uncased
Gradient checkpointing is disabled for bert-base-uncased
Gradient checkpointing is disabled for bert-base-uncased
Gradient checkpointing is disabled for bert-base-uncased
Epoch 1 completed for bert-base-uncased
Epoch 1 completed for bert-base-uncased
Epoch 1 completed for bert-base-uncasedEpoch 1 completed for bert-base-uncased

{'loss': 0.3511, 'grad_norm': 19.528318405151367, 'learning_rate': 2.400969932104753e-05, 'epoch': 0.9998383707774365}
{'eval_runtime': 17.7286, 'eval_samples_per_second': 709.645, 'eval_steps_per_second': 88.727, 'epoch': 0.9998383707774365}
Epoch 2 completed for bert-base-uncased
Epoch 2 completed for bert-base-uncasedEpoch 2 completed for bert-base-uncased

Epoch 2 completed for bert-base-uncased
{'loss': 0.2334, 'grad_norm': 0.06528881192207336, 'learning_rate': 1.8013579049466537e-05, 'epoch': 2.0}
{'eval_runtime': 17.7526, 'eval_samples_per_second': 708.683, 'eval_steps_per_second': 88.607, 'epoch': 2.0}
Epoch 3 completed for bert-base-uncased
Epoch 3 completed for bert-base-uncased
Epoch 3 completed for bert-base-uncased
Epoch 3 completed for bert-base-uncased
{'loss': 0.3032, 'grad_norm': 23.07181167602539, 'learning_rate': 1.201745877788555e-05, 'epoch': 2.9998383707774368}
{'eval_runtime': 17.8667, 'eval_samples_per_second': 704.16, 'eval_steps_per_second': 88.041, 'epoch': 2.9998383707774368}
Epoch 4 completed for bert-base-uncasedEpoch 4 completed for bert-base-uncased

Epoch 4 completed for bert-base-uncased
Epoch 4 completed for bert-base-uncased
{'loss': 0.2471, 'grad_norm': 189.4738006591797, 'learning_rate': 6.017458777885549e-06, 'epoch': 4.0}
{'eval_runtime': 17.9033, 'eval_samples_per_second': 702.719, 'eval_steps_per_second': 87.861, 'epoch': 4.0}
Epoch 5 completed for bert-base-uncasedEpoch 5 completed for bert-base-uncased
Epoch 5 completed for bert-base-uncased

Epoch 5 completed for bert-base-uncased
{'loss': 0.2057, 'grad_norm': 0.3914223611354828, 'learning_rate': 2.3278370514064015e-08, 'epoch': 4.999191853887183}
{'eval_runtime': 17.7953, 'eval_samples_per_second': 706.985, 'eval_steps_per_second': 88.394, 'epoch': 4.999191853887183}
{'train_runtime': 2386.3189, 'train_samples_per_second': 103.699, 'train_steps_per_second': 6.481, 'train_loss': 0.26810748312722277, 'epoch': 4.999191853887183}
Final evaluation results for bert-base-uncased:
{'eval_runtime': 17.8083, 'eval_samples_per_second': 706.469, 'eval_steps_per_second': 88.33, 'epoch': 4.999191853887183}
eval_results keys: dict_keys(['eval_runtime', 'eval_samples_per_second', 'eval_steps_per_second', 'epoch'])
Final evaluation results for bert-base-uncased:
{'eval_runtime': 17.8046, 'eval_samples_per_second': 706.614, 'eval_steps_per_second': 88.348, 'epoch': 4.999191853887183}
eval_results keys: dict_keys(['eval_runtime', 'eval_samples_per_second', 'eval_steps_per_second', 'epoch'])
{'eval_runtime': 17.8178, 'eval_samples_per_second': 706.09, 'eval_steps_per_second': 88.282, 'epoch': 4.999191853887183}
Final evaluation results for bert-base-uncased:
{'eval_runtime': 17.8178, 'eval_samples_per_second': 706.09, 'eval_steps_per_second': 88.282, 'epoch': 4.999191853887183}
eval_results keys: dict_keys(['eval_runtime', 'eval_samples_per_second', 'eval_steps_per_second', 'epoch'])
Final evaluation results for bert-base-uncased:
{'eval_runtime': 17.801, 'eval_samples_per_second': 706.76, 'eval_steps_per_second': 88.366, 'epoch': 4.999191853887183}
eval_results keys: dict_keys(['eval_runtime', 'eval_samples_per_second', 'eval_steps_per_second', 'epoch'])

***** Training roberta-base *****

***** Training roberta-base *****
Gradient checkpointing is disabled for roberta-base

***** Training roberta-base *****
Gradient checkpointing is disabled for roberta-base
Gradient checkpointing is disabled for roberta-base

***** Training roberta-base *****
Gradient checkpointing is disabled for roberta-base
Epoch 1 completed for roberta-base
Epoch 1 completed for roberta-base
Epoch 1 completed for roberta-base
Epoch 1 completed for roberta-base
{'loss': 0.36, 'grad_norm': 26.838790893554688, 'learning_rate': 2.4017430600387348e-05, 'epoch': 0.9998386315959336}
{'eval_runtime': 17.7513, 'eval_samples_per_second': 711.101, 'eval_steps_per_second': 88.895, 'epoch': 0.9998386315959336}
Epoch 2 completed for roberta-base
Epoch 2 completed for roberta-baseEpoch 2 completed for roberta-base

Epoch 2 completed for roberta-base
{'loss': 0.2302, 'grad_norm': 0.033668309450149536, 'learning_rate': 1.8015493867010976e-05, 'epoch': 2.0}
{'eval_runtime': 17.6621, 'eval_samples_per_second': 714.692, 'eval_steps_per_second': 89.344, 'epoch': 2.0}
Epoch 3 completed for roberta-base
Epoch 3 completed for roberta-base
Epoch 3 completed for roberta-base
Epoch 3 completed for roberta-base
{'loss': 0.1707, 'grad_norm': 0.06982976943254471, 'learning_rate': 1.202130406714009e-05, 'epoch': 2.9998386315959333}
{'eval_runtime': 17.5833, 'eval_samples_per_second': 717.895, 'eval_steps_per_second': 89.744, 'epoch': 2.9998386315959333}
Epoch 4 completed for roberta-base
Epoch 4 completed for roberta-base
Epoch 4 completed for roberta-baseEpoch 4 completed for roberta-base

{'loss': 0.1344, 'grad_norm': 46.638309478759766, 'learning_rate': 6.023240800516462e-06, 'epoch': 4.0}
{'eval_runtime': 18.1147, 'eval_samples_per_second': 696.837, 'eval_steps_per_second': 87.112, 'epoch': 4.0}
Epoch 5 completed for roberta-base
Epoch 5 completed for roberta-base
Epoch 5 completed for roberta-base
Epoch 5 completed for roberta-base
{'loss': 0.1039, 'grad_norm': 27.455007553100586, 'learning_rate': 2.9051000645577794e-08, 'epoch': 4.999193157979668}
{'eval_runtime': 17.8236, 'eval_samples_per_second': 708.216, 'eval_steps_per_second': 88.534, 'epoch': 4.999193157979668}
{'train_runtime': 2600.4446, 'train_samples_per_second': 95.313, 'train_steps_per_second': 5.957, 'train_loss': 0.1998402998784498, 'epoch': 4.999193157979668}
Final evaluation results for roberta-base:
{'eval_runtime': 17.5701, 'eval_samples_per_second': 718.438, 'eval_steps_per_second': 89.812, 'epoch': 4.999193157979668}
eval_results keys: dict_keys(['eval_runtime', 'eval_samples_per_second', 'eval_steps_per_second', 'epoch'])
Final evaluation results for roberta-base:
{'eval_runtime': 17.5652, 'eval_samples_per_second': 718.638, 'eval_steps_per_second': 89.837, 'epoch': 4.999193157979668}
eval_results keys: dict_keys(['eval_runtime', 'eval_samples_per_second', 'eval_steps_per_second', 'epoch'])
{'eval_runtime': 17.5698, 'eval_samples_per_second': 718.447, 'eval_steps_per_second': 89.813, 'epoch': 4.999193157979668}
Final evaluation results for roberta-base:
{'eval_runtime': 17.5698, 'eval_samples_per_second': 718.447, 'eval_steps_per_second': 89.813, 'epoch': 4.999193157979668}
eval_results keys: dict_keys(['eval_runtime', 'eval_samples_per_second', 'eval_steps_per_second', 'epoch'])
Final evaluation results for roberta-base:
{'eval_runtime': 17.5697, 'eval_samples_per_second': 718.452, 'eval_steps_per_second': 89.814, 'epoch': 4.999193157979668}
eval_results keys: dict_keys(['eval_runtime', 'eval_samples_per_second', 'eval_steps_per_second', 'epoch'])

***** Training albert-base-v2 *****

***** Training albert-base-v2 *****

***** Training albert-base-v2 *****
Gradient checkpointing is disabled for albert-base-v2
Gradient checkpointing is disabled for albert-base-v2
Gradient checkpointing is disabled for albert-base-v2

***** Training albert-base-v2 *****
Gradient checkpointing is disabled for albert-base-v2
Epoch 1 completed for albert-base-v2Epoch 1 completed for albert-base-v2

Epoch 1 completed for albert-base-v2Epoch 1 completed for albert-base-v2

{'loss': 0.3534, 'grad_norm': 17.127201080322266, 'learning_rate': 2.4016880275085963e-05, 'epoch': 1.0}
{'eval_runtime': 21.0463, 'eval_samples_per_second': 617.781, 'eval_steps_per_second': 77.258, 'epoch': 1.0}
Epoch 2 completed for albert-base-v2Epoch 2 completed for albert-base-v2

Epoch 2 completed for albert-base-v2
Epoch 2 completed for albert-base-v2
{'loss': 0.1722, 'grad_norm': 13.583778381347656, 'learning_rate': 1.8016880275085966e-05, 'epoch': 2.0}
{'eval_runtime': 20.4555, 'eval_samples_per_second': 635.625, 'eval_steps_per_second': 79.49, 'epoch': 2.0}
Epoch 3 completed for albert-base-v2Epoch 3 completed for albert-base-v2
Epoch 3 completed for albert-base-v2

Epoch 3 completed for albert-base-v2
{'loss': 0.1073, 'grad_norm': 0.005137672647833824, 'learning_rate': 1.202063144732729e-05, 'epoch': 3.0}
{'eval_runtime': 21.0443, 'eval_samples_per_second': 617.838, 'eval_steps_per_second': 77.265, 'epoch': 3.0}
Epoch 4 completed for albert-base-v2Epoch 4 completed for albert-base-v2
Epoch 4 completed for albert-base-v2
Epoch 4 completed for albert-base-v2

{'loss': 0.0612, 'grad_norm': 0.2532709538936615, 'learning_rate': 6.02063144732729e-06, 'epoch': 4.0}
{'eval_runtime': 20.7871, 'eval_samples_per_second': 625.484, 'eval_steps_per_second': 78.222, 'epoch': 4.0}
Epoch 5 completed for albert-base-v2Epoch 5 completed for albert-base-v2

Epoch 5 completed for albert-base-v2
Epoch 5 completed for albert-base-v2
{'loss': 0.0296, 'grad_norm': 0.0003202306106686592, 'learning_rate': 2.2507033447952486e-08, 'epoch': 5.0}
{'eval_runtime': 20.6281, 'eval_samples_per_second': 630.306, 'eval_steps_per_second': 78.825, 'epoch': 5.0}
{'train_runtime': 1397.3531, 'train_samples_per_second': 183.136, 'train_steps_per_second': 11.447, 'train_loss': 0.14474417283110932, 'epoch': 5.0}
Final evaluation results for albert-base-v2:
{'eval_runtime': 20.5551, 'eval_samples_per_second': 632.543, 'eval_steps_per_second': 79.104, 'epoch': 5.0}
eval_results keys: dict_keys(['eval_runtime', 'eval_samples_per_second', 'eval_steps_per_second', 'epoch'])
Final evaluation results for albert-base-v2:
{'eval_runtime': 20.5561, 'eval_samples_per_second': 632.514, 'eval_steps_per_second': 79.101, 'epoch': 5.0}
eval_results keys: dict_keys(['eval_runtime', 'eval_samples_per_second', 'eval_steps_per_second', 'epoch'])
Final evaluation results for albert-base-v2:
{'eval_runtime': 20.5564, 'eval_samples_per_second': 632.502, 'eval_steps_per_second': 79.099, 'epoch': 5.0}
eval_results keys: dict_keys(['eval_runtime', 'eval_samples_per_second', 'eval_steps_per_second', 'epoch'])
{'eval_runtime': 20.5606, 'eval_samples_per_second': 632.375, 'eval_steps_per_second': 79.083, 'epoch': 5.0}
Final evaluation results for albert-base-v2:
{'eval_runtime': 20.5606, 'eval_samples_per_second': 632.375, 'eval_steps_per_second': 79.083, 'epoch': 5.0}
eval_results keys: dict_keys(['eval_runtime', 'eval_samples_per_second', 'eval_steps_per_second', 'epoch'])
