Using device: cudaUsing device: cuda
Using device: cuda
Using device: cuda


***** Training bert-base-uncased *****

***** Training bert-base-uncased *****

***** Training bert-base-uncased *****

***** Training bert-base-uncased *****
wizard37:73912:73912 [0] NCCL INFO NCCL_SOCKET_IFNAME set by environment to ^lo,docker0
wizard37:73912:73912 [0] NCCL INFO Bootstrap : Using enp134s0:10.5.18.37<0>
wizard37:73912:73912 [0] NCCL INFO NET/Plugin: No plugin found (libnccl-net.so)
wizard37:73912:73912 [0] NCCL INFO NET/Plugin: Plugin load returned 2 : libnccl-net.so: cannot open shared object file: No such file or directory : when loading libnccl-net.so
wizard37:73912:73912 [0] NCCL INFO NET/Plugin: Using internal network plugin.
wizard37:73912:73912 [0] NCCL INFO cudaDriverVersion 12040
NCCL version 2.21.5+cuda12.4
wizard37:73915:73915 [3] NCCL INFO cudaDriverVersion 12040
wizard37:73915:73915 [3] NCCL INFO NCCL_SOCKET_IFNAME set by environment to ^lo,docker0
wizard37:73915:73915 [3] NCCL INFO Bootstrap : Using enp134s0:10.5.18.37<0>
wizard37:73915:73915 [3] NCCL INFO NET/Plugin: No plugin found (libnccl-net.so)
wizard37:73915:73915 [3] NCCL INFO NET/Plugin: Plugin load returned 2 : libnccl-net.so: cannot open shared object file: No such file or directory : when loading libnccl-net.so
wizard37:73915:73915 [3] NCCL INFO NET/Plugin: Using internal network plugin.
wizard37:73914:73914 [2] NCCL INFO cudaDriverVersion 12040
wizard37:73914:73914 [2] NCCL INFO NCCL_SOCKET_IFNAME set by environment to ^lo,docker0
wizard37:73914:73914 [2] NCCL INFO Bootstrap : Using enp134s0:10.5.18.37<0>
wizard37:73914:73914 [2] NCCL INFO NET/Plugin: No plugin found (libnccl-net.so)
wizard37:73914:73914 [2] NCCL INFO NET/Plugin: Plugin load returned 2 : libnccl-net.so: cannot open shared object file: No such file or directory : when loading libnccl-net.so
wizard37:73914:73914 [2] NCCL INFO NET/Plugin: Using internal network plugin.
wizard37:73913:73913 [1] NCCL INFO cudaDriverVersion 12040
wizard37:73913:73913 [1] NCCL INFO NCCL_SOCKET_IFNAME set by environment to ^lo,docker0
wizard37:73913:73913 [1] NCCL INFO Bootstrap : Using enp134s0:10.5.18.37<0>
wizard37:73913:73913 [1] NCCL INFO NET/Plugin: No plugin found (libnccl-net.so)
wizard37:73913:73913 [1] NCCL INFO NET/Plugin: Plugin load returned 2 : libnccl-net.so: cannot open shared object file: No such file or directory : when loading libnccl-net.so
wizard37:73913:73913 [1] NCCL INFO NET/Plugin: Using internal network plugin.
wizard37:73915:77678 [3] NCCL INFO NCCL_SOCKET_IFNAME set by environment to ^lo,docker0
wizard37:73912:77677 [0] NCCL INFO NCCL_SOCKET_IFNAME set by environment to ^lo,docker0
wizard37:73913:77680 [1] NCCL INFO NCCL_SOCKET_IFNAME set by environment to ^lo,docker0
wizard37:73914:77679 [2] NCCL INFO NCCL_SOCKET_IFNAME set by environment to ^lo,docker0
wizard37:73914:77679 [2] NCCL INFO NET/IB : Using [0]mlx5_0:1/RoCE [RO]; OOB enp134s0:10.5.18.37<0>
wizard37:73914:77679 [2] NCCL INFO Using non-device net plugin version 0
wizard37:73914:77679 [2] NCCL INFO Using network IB
wizard37:73913:77680 [1] NCCL INFO NET/IB : Using [0]mlx5_0:1/RoCE [RO]; OOB enp134s0:10.5.18.37<0>
wizard37:73915:77678 [3] NCCL INFO NET/IB : Using [0]mlx5_0:1/RoCE [RO]; OOB enp134s0:10.5.18.37<0>
wizard37:73913:77680 [1] NCCL INFO Using non-device net plugin version 0
wizard37:73913:77680 [1] NCCL INFO Using network IB
wizard37:73915:77678 [3] NCCL INFO Using non-device net plugin version 0
wizard37:73915:77678 [3] NCCL INFO Using network IB
wizard37:73912:77677 [0] NCCL INFO NET/IB : Using [0]mlx5_0:1/RoCE [RO]; OOB enp134s0:10.5.18.37<0>
wizard37:73912:77677 [0] NCCL INFO Using non-device net plugin version 0
wizard37:73912:77677 [0] NCCL INFO Using network IB
wizard37:73913:77680 [1] NCCL INFO ncclCommInitRank comm 0x10a762e0 rank 1 nranks 4 cudaDev 1 nvmlDev 1 busId 5e000 commId 0xd801d0d6aa5f6e21 - Init START
wizard37:73912:77677 [0] NCCL INFO ncclCommInitRank comm 0x15f39cd0 rank 0 nranks 4 cudaDev 0 nvmlDev 0 busId 3b000 commId 0xd801d0d6aa5f6e21 - Init START
wizard37:73915:77678 [3] NCCL INFO ncclCommInitRank comm 0xf52ff30 rank 3 nranks 4 cudaDev 3 nvmlDev 3 busId d8000 commId 0xd801d0d6aa5f6e21 - Init START
wizard37:73914:77679 [2] NCCL INFO ncclCommInitRank comm 0x106528f0 rank 2 nranks 4 cudaDev 2 nvmlDev 2 busId af000 commId 0xd801d0d6aa5f6e21 - Init START
wizard37:73915:77678 [3] NCCL INFO Setting affinity for GPU 3 to 04,70000000
wizard37:73915:77678 [3] NCCL INFO NVLS multicast support is not available on dev 3
wizard37:73912:77677 [0] NCCL INFO Setting affinity for GPU 0 to 1c718c
wizard37:73912:77677 [0] NCCL INFO NVLS multicast support is not available on dev 0
wizard37:73914:77679 [2] NCCL INFO Setting affinity for GPU 2 to 18e3,8f000000
wizard37:73914:77679 [2] NCCL INFO NVLS multicast support is not available on dev 2
wizard37:73913:77680 [1] NCCL INFO Setting affinity for GPU 1 to 0e70
wizard37:73913:77680 [1] NCCL INFO NVLS multicast support is not available on dev 1
wizard37:73915:77678 [3] NCCL INFO comm 0xf52ff30 rank 3 nRanks 4 nNodes 1 localRanks 4 localRank 3 MNNVL 0
wizard37:73912:77677 [0] NCCL INFO comm 0x15f39cd0 rank 0 nRanks 4 nNodes 1 localRanks 4 localRank 0 MNNVL 0
wizard37:73913:77680 [1] NCCL INFO comm 0x10a762e0 rank 1 nRanks 4 nNodes 1 localRanks 4 localRank 1 MNNVL 0
wizard37:73914:77679 [2] NCCL INFO comm 0x106528f0 rank 2 nRanks 4 nNodes 1 localRanks 4 localRank 2 MNNVL 0
wizard37:73912:77677 [0] NCCL INFO Channel 00/04 :    0   1   2   3
wizard37:73912:77677 [0] NCCL INFO Channel 01/04 :    0   3   2   1
wizard37:73912:77677 [0] NCCL INFO Channel 02/04 :    0   1   2   3
wizard37:73915:77678 [3] NCCL INFO Trees [0] -1/-1/-1->3->2 [1] -1/-1/-1->3->1 [2] -1/-1/-1->3->2 [3] -1/-1/-1->3->1
wizard37:73912:77677 [0] NCCL INFO Channel 03/04 :    0   3   2   1
wizard37:73914:77679 [2] NCCL INFO Trees [0] 3/-1/-1->2->1 [1] 1/-1/-1->2->0 [2] 3/-1/-1->2->1 [3] 1/-1/-1->2->0
wizard37:73912:77677 [0] NCCL INFO Trees [0] 1/-1/-1->0->-1 [1] 2/-1/-1->0->-1 [2] 1/-1/-1->0->-1 [3] 2/-1/-1->0->-1
wizard37:73915:77678 [3] NCCL INFO P2P Chunksize set to 131072
wizard37:73913:77680 [1] NCCL INFO Trees [0] 2/-1/-1->1->0 [1] 3/-1/-1->1->2 [2] 2/-1/-1->1->0 [3] 3/-1/-1->1->2
wizard37:73914:77679 [2] NCCL INFO P2P Chunksize set to 131072
wizard37:73912:77677 [0] NCCL INFO P2P Chunksize set to 131072
wizard37:73913:77680 [1] NCCL INFO P2P Chunksize set to 131072
wizard37:73914:77679 [2] NCCL INFO Channel 00 : 2[2] -> 3[3] via SHM/direct/direct
wizard37:73915:77678 [3] NCCL INFO Channel 00 : 3[3] -> 0[0] via SHM/direct/direct
wizard37:73913:77680 [1] NCCL INFO Channel 00 : 1[1] -> 2[2] via SHM/direct/direct
wizard37:73912:77677 [0] NCCL INFO Channel 00 : 0[0] -> 1[1] via SHM/direct/direct
wizard37:73914:77679 [2] NCCL INFO Channel 02 : 2[2] -> 3[3] via SHM/direct/direct
wizard37:73915:77678 [3] NCCL INFO Channel 02 : 3[3] -> 0[0] via SHM/direct/direct
wizard37:73913:77680 [1] NCCL INFO Channel 02 : 1[1] -> 2[2] via SHM/direct/direct
wizard37:73912:77677 [0] NCCL INFO Channel 02 : 0[0] -> 1[1] via SHM/direct/direct
wizard37:73913:77680 [1] NCCL INFO Channel 01 : 1[1] -> 0[0] via SHM/direct/direct
wizard37:73915:77678 [3] NCCL INFO Channel 01 : 3[3] -> 2[2] via SHM/direct/direct
wizard37:73912:77677 [0] NCCL INFO Channel 01 : 0[0] -> 3[3] via SHM/direct/direct
wizard37:73913:77680 [1] NCCL INFO Channel 03 : 1[1] -> 0[0] via SHM/direct/direct
wizard37:73915:77678 [3] NCCL INFO Channel 03 : 3[3] -> 2[2] via SHM/direct/direct
wizard37:73912:77677 [0] NCCL INFO Channel 03 : 0[0] -> 3[3] via SHM/direct/direct
wizard37:73914:77679 [2] NCCL INFO Channel 01 : 2[2] -> 1[1] via SHM/direct/direct
wizard37:73914:77679 [2] NCCL INFO Channel 03 : 2[2] -> 1[1] via SHM/direct/direct
wizard37:73915:77678 [3] NCCL INFO Connected all rings
wizard37:73912:77677 [0] NCCL INFO Connected all rings
wizard37:73914:77679 [2] NCCL INFO Connected all rings
wizard37:73913:77680 [1] NCCL INFO Connected all rings
wizard37:73913:77680 [1] NCCL INFO Channel 01 : 1[1] -> 2[2] via SHM/direct/direct
wizard37:73913:77680 [1] NCCL INFO Channel 03 : 1[1] -> 2[2] via SHM/direct/direct
wizard37:73915:77678 [3] NCCL INFO Channel 01 : 3[3] -> 1[1] via SHM/direct/direct
wizard37:73912:77677 [0] NCCL INFO Channel 01 : 0[0] -> 2[2] via SHM/direct/direct
wizard37:73915:77678 [3] NCCL INFO Channel 03 : 3[3] -> 1[1] via SHM/direct/direct
wizard37:73912:77677 [0] NCCL INFO Channel 03 : 0[0] -> 2[2] via SHM/direct/direct
wizard37:73914:77679 [2] NCCL INFO Channel 01 : 2[2] -> 0[0] via SHM/direct/direct
wizard37:73914:77679 [2] NCCL INFO Channel 03 : 2[2] -> 0[0] via SHM/direct/direct
wizard37:73913:77680 [1] NCCL INFO Channel 01 : 1[1] -> 3[3] via SHM/direct/direct
wizard37:73913:77680 [1] NCCL INFO Channel 03 : 1[1] -> 3[3] via SHM/direct/direct
wizard37:73915:77678 [3] NCCL INFO Channel 00 : 3[3] -> 2[2] via SHM/direct/direct
wizard37:73915:77678 [3] NCCL INFO Channel 02 : 3[3] -> 2[2] via SHM/direct/direct
wizard37:73914:77679 [2] NCCL INFO Channel 00 : 2[2] -> 1[1] via SHM/direct/direct
wizard37:73914:77679 [2] NCCL INFO Channel 02 : 2[2] -> 1[1] via SHM/direct/direct
wizard37:73913:77680 [1] NCCL INFO Channel 00 : 1[1] -> 0[0] via SHM/direct/direct
wizard37:73913:77680 [1] NCCL INFO Channel 02 : 1[1] -> 0[0] via SHM/direct/direct
wizard37:73912:77677 [0] NCCL INFO Connected all trees
wizard37:73915:77678 [3] NCCL INFO Connected all trees
wizard37:73915:77678 [3] NCCL INFO threadThresholds 8/8/64 | 32/8/64 | 512 | 512
wizard37:73915:77678 [3] NCCL INFO 4 coll channels, 4 collnet channels, 0 nvls channels, 4 p2p channels, 2 p2p channels per peer
wizard37:73914:77679 [2] NCCL INFO Connected all trees
wizard37:73912:77677 [0] NCCL INFO threadThresholds 8/8/64 | 32/8/64 | 512 | 512
wizard37:73912:77677 [0] NCCL INFO 4 coll channels, 4 collnet channels, 0 nvls channels, 4 p2p channels, 2 p2p channels per peer
wizard37:73914:77679 [2] NCCL INFO threadThresholds 8/8/64 | 32/8/64 | 512 | 512
wizard37:73913:77680 [1] NCCL INFO Connected all trees
wizard37:73914:77679 [2] NCCL INFO 4 coll channels, 4 collnet channels, 0 nvls channels, 4 p2p channels, 2 p2p channels per peer
wizard37:73913:77680 [1] NCCL INFO threadThresholds 8/8/64 | 32/8/64 | 512 | 512
wizard37:73913:77680 [1] NCCL INFO 4 coll channels, 4 collnet channels, 0 nvls channels, 4 p2p channels, 2 p2p channels per peer
wizard37:73914:77679 [2] NCCL INFO TUNER/Plugin: Plugin load returned 2 : libnccl-net.so: cannot open shared object file: No such file or directory : when loading libnccl-tuner.so
wizard37:73914:77679 [2] NCCL INFO TUNER/Plugin: Using internal tuner plugin.
wizard37:73914:77679 [2] NCCL INFO ncclCommInitRank comm 0x106528f0 rank 2 nranks 4 cudaDev 2 nvmlDev 2 busId af000 commId 0xd801d0d6aa5f6e21 - Init COMPLETE
wizard37:73912:77677 [0] NCCL INFO TUNER/Plugin: Plugin load returned 2 : libnccl-net.so: cannot open shared object file: No such file or directory : when loading libnccl-tuner.so
wizard37:73912:77677 [0] NCCL INFO TUNER/Plugin: Using internal tuner plugin.
wizard37:73912:77677 [0] NCCL INFO ncclCommInitRank comm 0x15f39cd0 rank 0 nranks 4 cudaDev 0 nvmlDev 0 busId 3b000 commId 0xd801d0d6aa5f6e21 - Init COMPLETE
wizard37:73913:77680 [1] NCCL INFO TUNER/Plugin: Plugin load returned 2 : libnccl-net.so: cannot open shared object file: No such file or directory : when loading libnccl-tuner.so
wizard37:73913:77680 [1] NCCL INFO TUNER/Plugin: Using internal tuner plugin.
wizard37:73913:77680 [1] NCCL INFO ncclCommInitRank comm 0x10a762e0 rank 1 nranks 4 cudaDev 1 nvmlDev 1 busId 5e000 commId 0xd801d0d6aa5f6e21 - Init COMPLETE
wizard37:73915:77678 [3] NCCL INFO TUNER/Plugin: Plugin load returned 2 : libnccl-net.so: cannot open shared object file: No such file or directory : when loading libnccl-tuner.so
wizard37:73915:77678 [3] NCCL INFO TUNER/Plugin: Using internal tuner plugin.
wizard37:73915:77678 [3] NCCL INFO ncclCommInitRank comm 0xf52ff30 rank 3 nranks 4 cudaDev 3 nvmlDev 3 busId d8000 commId 0xd801d0d6aa5f6e21 - Init COMPLETE
{'loss': 1.4635, 'grad_norm': 3.055863618850708, 'learning_rate': 2.990882638215325e-05, 'epoch': 0.016162922256343946}
{'loss': 0.4856, 'grad_norm': 22.481489181518555, 'learning_rate': 2.9811833171677985e-05, 'epoch': 0.03232584451268789}
{'loss': 0.3768, 'grad_norm': 0.7304386496543884, 'learning_rate': 2.9714839961202718e-05, 'epoch': 0.04848876676903184}
{'loss': 0.4848, 'grad_norm': 1.4356423616409302, 'learning_rate': 2.961784675072745e-05, 'epoch': 0.06465168902537578}
{'loss': 0.4376, 'grad_norm': 11.739485740661621, 'learning_rate': 2.9520853540252185e-05, 'epoch': 0.08081461128171974}
{'loss': 0.359, 'grad_norm': 0.7633535861968994, 'learning_rate': 2.9423860329776918e-05, 'epoch': 0.09697753353806368}
{'loss': 0.4692, 'grad_norm': 0.45490798354148865, 'learning_rate': 2.932686711930165e-05, 'epoch': 0.11314045579440762}
{'loss': 0.5019, 'grad_norm': 1.3134249448776245, 'learning_rate': 2.9229873908826385e-05, 'epoch': 0.12930337805075157}
{'loss': 0.3814, 'grad_norm': 3.5259246826171875, 'learning_rate': 2.9132880698351115e-05, 'epoch': 0.14546630030709554}
{'loss': 0.5719, 'grad_norm': 1.5231996774673462, 'learning_rate': 2.903588748787585e-05, 'epoch': 0.16162922256343948}
{'loss': 0.5228, 'grad_norm': 0.6904866099357605, 'learning_rate': 2.8938894277400582e-05, 'epoch': 0.17779214481978342}
{'loss': 0.511, 'grad_norm': 4.473575115203857, 'learning_rate': 2.8841901066925315e-05, 'epoch': 0.19395506707612736}
{'loss': 0.3443, 'grad_norm': 3.9882917404174805, 'learning_rate': 2.874490785645005e-05, 'epoch': 0.2101179893324713}
{'loss': 0.415, 'grad_norm': 0.46869784593582153, 'learning_rate': 2.8647914645974782e-05, 'epoch': 0.22628091158881525}
{'loss': 0.3624, 'grad_norm': 0.33898335695266724, 'learning_rate': 2.8550921435499515e-05, 'epoch': 0.24244383384515922}
{'loss': 0.433, 'grad_norm': 0.2548679709434509, 'learning_rate': 2.845392822502425e-05, 'epoch': 0.25860675610150313}
{'loss': 0.4206, 'grad_norm': 0.9248561263084412, 'learning_rate': 2.8356935014548982e-05, 'epoch': 0.2747696783578471}
{'loss': 0.4404, 'grad_norm': 0.32658419013023376, 'learning_rate': 2.8259941804073715e-05, 'epoch': 0.2909326006141911}
{'loss': 0.4455, 'grad_norm': 5.237260341644287, 'learning_rate': 2.816294859359845e-05, 'epoch': 0.307095522870535}
{'loss': 0.4274, 'grad_norm': 12.736089706420898, 'learning_rate': 2.8065955383123182e-05, 'epoch': 0.32325844512687896}
{'loss': 0.3574, 'grad_norm': 44.75352096557617, 'learning_rate': 2.797090203685742e-05, 'epoch': 0.33942136738322287}
{'loss': 0.3895, 'grad_norm': 0.7184733152389526, 'learning_rate': 2.787390882638215e-05, 'epoch': 0.35558428963956684}
{'loss': 0.484, 'grad_norm': 5.533679485321045, 'learning_rate': 2.7776915615906885e-05, 'epoch': 0.37174721189591076}
{'loss': 0.3645, 'grad_norm': 6.077574253082275, 'learning_rate': 2.7679922405431618e-05, 'epoch': 0.3879101341522547}
{'loss': 0.2782, 'grad_norm': 26.43678092956543, 'learning_rate': 2.758292919495635e-05, 'epoch': 0.4040730564085987}
{'loss': 0.246, 'grad_norm': 0.07271753251552582, 'learning_rate': 2.7485935984481085e-05, 'epoch': 0.4202359786649426}
{'loss': 0.3381, 'grad_norm': 14.27046012878418, 'learning_rate': 2.738894277400582e-05, 'epoch': 0.4363989009212866}
{'loss': 0.2596, 'grad_norm': 0.5173927545547485, 'learning_rate': 2.7291949563530555e-05, 'epoch': 0.4525618231776305}
{'loss': 0.3467, 'grad_norm': 14.119421005249023, 'learning_rate': 2.719689621726479e-05, 'epoch': 0.46872474543397447}
{'loss': 0.2859, 'grad_norm': 0.15332821011543274, 'learning_rate': 2.7099903006789527e-05, 'epoch': 0.48488766769031844}
{'loss': 0.339, 'grad_norm': 0.20107516646385193, 'learning_rate': 2.700290979631426e-05, 'epoch': 0.5010505899466624}
{'loss': 0.2722, 'grad_norm': 0.1926792562007904, 'learning_rate': 2.6905916585838994e-05, 'epoch': 0.5172135122030063}
{'loss': 0.2872, 'grad_norm': 11.296929359436035, 'learning_rate': 2.6808923375363728e-05, 'epoch': 0.5333764344593502}
{'loss': 0.3243, 'grad_norm': 28.575767517089844, 'learning_rate': 2.671193016488846e-05, 'epoch': 0.5495393567156942}
{'loss': 0.3077, 'grad_norm': 10.04806900024414, 'learning_rate': 2.661493695441319e-05, 'epoch': 0.5657022789720382}
{'loss': 0.311, 'grad_norm': 0.1341259479522705, 'learning_rate': 2.6517943743937924e-05, 'epoch': 0.5818652012283821}
{'loss': 0.2639, 'grad_norm': 0.07584188878536224, 'learning_rate': 2.6420950533462658e-05, 'epoch': 0.598028123484726}
{'loss': 0.2254, 'grad_norm': 0.9481499791145325, 'learning_rate': 2.632395732298739e-05, 'epoch': 0.61419104574107}
{'loss': 0.2754, 'grad_norm': 17.25979995727539, 'learning_rate': 2.6226964112512125e-05, 'epoch': 0.6303539679974139}
{'loss': 0.2572, 'grad_norm': 21.6708984375, 'learning_rate': 2.6129970902036858e-05, 'epoch': 0.6465168902537579}
{'loss': 0.2757, 'grad_norm': 14.048428535461426, 'learning_rate': 2.603297769156159e-05, 'epoch': 0.6626798125101018}
{'loss': 0.1606, 'grad_norm': 13.391566276550293, 'learning_rate': 2.5935984481086325e-05, 'epoch': 0.6788427347664457}
{'loss': 0.312, 'grad_norm': 18.722864151000977, 'learning_rate': 2.5838991270611058e-05, 'epoch': 0.6950056570227897}
{'loss': 0.2538, 'grad_norm': 0.07750121504068375, 'learning_rate': 2.574199806013579e-05, 'epoch': 0.7111685792791337}
{'loss': 0.2437, 'grad_norm': 8.83078670501709, 'learning_rate': 2.5645004849660525e-05, 'epoch': 0.7273315015354777}
{'loss': 0.2649, 'grad_norm': 11.584161758422852, 'learning_rate': 2.554801163918526e-05, 'epoch': 0.7434944237918215}
{'loss': 0.3394, 'grad_norm': 5.537937641143799, 'learning_rate': 2.545101842870999e-05, 'epoch': 0.7596573460481655}
{'loss': 0.2669, 'grad_norm': 17.128496170043945, 'learning_rate': 2.5354025218234722e-05, 'epoch': 0.7758202683045095}
{'loss': 0.2668, 'grad_norm': 25.995136260986328, 'learning_rate': 2.5257032007759455e-05, 'epoch': 0.7919831905608534}
{'loss': 0.3445, 'grad_norm': 0.07361716032028198, 'learning_rate': 2.516003879728419e-05, 'epoch': 0.8081461128171974}
{'loss': 0.2323, 'grad_norm': 0.07471796125173569, 'learning_rate': 2.5063045586808922e-05, 'epoch': 0.8243090350735413}
{'loss': 0.3617, 'grad_norm': 8.608692169189453, 'learning_rate': 2.4966052376333655e-05, 'epoch': 0.8404719573298852}
{'loss': 0.2941, 'grad_norm': 0.15012773871421814, 'learning_rate': 2.4869059165858392e-05, 'epoch': 0.8566348795862292}
{'loss': 0.2739, 'grad_norm': 0.32773181796073914, 'learning_rate': 2.4772065955383126e-05, 'epoch': 0.8727978018425732}
{'loss': 0.2143, 'grad_norm': 0.038593873381614685, 'learning_rate': 2.467701260911736e-05, 'epoch': 0.8889607240989171}
{'loss': 0.3123, 'grad_norm': 17.688764572143555, 'learning_rate': 2.4580019398642095e-05, 'epoch': 0.905123646355261}
{'loss': 0.216, 'grad_norm': 7.943375587463379, 'learning_rate': 2.448302618816683e-05, 'epoch': 0.921286568611605}
{'loss': 0.2525, 'grad_norm': 1.3036537170410156, 'learning_rate': 2.4386032977691565e-05, 'epoch': 0.9374494908679489}
{'loss': 0.2477, 'grad_norm': 7.5665435791015625, 'learning_rate': 2.4289039767216298e-05, 'epoch': 0.9536124131242929}
{'loss': 0.2923, 'grad_norm': 17.823095321655273, 'learning_rate': 2.4192046556741028e-05, 'epoch': 0.9697753353806369}
{'loss': 0.2511, 'grad_norm': 11.18397045135498, 'learning_rate': 2.409505334626576e-05, 'epoch': 0.9859382576369807}
{'eval_runtime': 15.1658, 'eval_samples_per_second': 829.563, 'eval_steps_per_second': 103.72, 'epoch': 0.9998383707774365}
{'loss': 0.2174, 'grad_norm': 0.12557418644428253, 'learning_rate': 2.3998060135790495e-05, 'epoch': 1.0021011798933248}
{'loss': 0.2315, 'grad_norm': 12.283955574035645, 'learning_rate': 2.390106692531523e-05, 'epoch': 1.0182641021496686}
{'loss': 0.1756, 'grad_norm': 0.041256558150053024, 'learning_rate': 2.3804073714839962e-05, 'epoch': 1.0344270244060125}
{'loss': 0.2523, 'grad_norm': 0.3316001892089844, 'learning_rate': 2.3707080504364695e-05, 'epoch': 1.0505899466623565}
{'loss': 0.2748, 'grad_norm': 0.02653154358267784, 'learning_rate': 2.361008729388943e-05, 'epoch': 1.0667528689187005}
{'loss': 0.2755, 'grad_norm': 5.234208106994629, 'learning_rate': 2.3513094083414162e-05, 'epoch': 1.0829157911750444}
{'loss': 0.262, 'grad_norm': 0.0922393947839737, 'learning_rate': 2.3416100872938895e-05, 'epoch': 1.0990787134313884}
{'loss': 0.2084, 'grad_norm': 16.81243324279785, 'learning_rate': 2.331910766246363e-05, 'epoch': 1.1152416356877324}
{'loss': 0.2838, 'grad_norm': 0.09559598565101624, 'learning_rate': 2.3222114451988362e-05, 'epoch': 1.1314045579440764}
{'loss': 0.2122, 'grad_norm': 0.4588063657283783, 'learning_rate': 2.3125121241513095e-05, 'epoch': 1.1475674802004203}
{'loss': 0.2306, 'grad_norm': 0.0939626470208168, 'learning_rate': 2.302812803103783e-05, 'epoch': 1.163730402456764}
{'loss': 0.3037, 'grad_norm': 0.15443527698516846, 'learning_rate': 2.293113482056256e-05, 'epoch': 1.179893324713108}
{'loss': 0.1906, 'grad_norm': 9.071234703063965, 'learning_rate': 2.2834141610087292e-05, 'epoch': 1.196056246969452}
{'loss': 0.2111, 'grad_norm': 0.6367821097373962, 'learning_rate': 2.2737148399612026e-05, 'epoch': 1.212219169225796}
{'loss': 0.2126, 'grad_norm': 0.013752873986959457, 'learning_rate': 2.264015518913676e-05, 'epoch': 1.22838209148214}
{'loss': 0.2106, 'grad_norm': 0.019783660769462585, 'learning_rate': 2.2543161978661492e-05, 'epoch': 1.244545013738484}
{'loss': 0.2133, 'grad_norm': 0.0810399055480957, 'learning_rate': 2.2446168768186226e-05, 'epoch': 1.2607079359948279}
{'loss': 0.2085, 'grad_norm': 0.013859383761882782, 'learning_rate': 2.2349175557710963e-05, 'epoch': 1.2768708582511719}
{'loss': 0.2768, 'grad_norm': 0.16182008385658264, 'learning_rate': 2.2252182347235696e-05, 'epoch': 1.2930337805075158}
{'loss': 0.2314, 'grad_norm': 0.40248987078666687, 'learning_rate': 2.215518913676043e-05, 'epoch': 1.3091967027638596}
{'loss': 0.2158, 'grad_norm': 0.029562611132860184, 'learning_rate': 2.2058195926285163e-05, 'epoch': 1.3253596250202038}
{'loss': 0.1658, 'grad_norm': 1.7042491436004639, 'learning_rate': 2.1961202715809896e-05, 'epoch': 1.3415225472765475}
{'loss': 0.1489, 'grad_norm': 0.008337035775184631, 'learning_rate': 2.186420950533463e-05, 'epoch': 1.3576854695328915}
{'loss': 0.2523, 'grad_norm': 14.43359661102295, 'learning_rate': 2.176721629485936e-05, 'epoch': 1.3738483917892355}
{'loss': 0.1976, 'grad_norm': 5.224756717681885, 'learning_rate': 2.1670223084384093e-05, 'epoch': 1.3900113140455794}
{'loss': 0.2585, 'grad_norm': 0.5194244384765625, 'learning_rate': 2.1573229873908826e-05, 'epoch': 1.4061742363019234}
{'loss': 0.2529, 'grad_norm': 0.05049213021993637, 'learning_rate': 2.147623666343356e-05, 'epoch': 1.4223371585582674}
{'loss': 0.1899, 'grad_norm': 97.32644653320312, 'learning_rate': 2.1379243452958293e-05, 'epoch': 1.4385000808146113}
{'loss': 0.2357, 'grad_norm': 5.41921854019165, 'learning_rate': 2.1282250242483027e-05, 'epoch': 1.4546630030709553}
{'loss': 0.2138, 'grad_norm': 71.8281478881836, 'learning_rate': 2.118525703200776e-05, 'epoch': 1.4708259253272993}
{'loss': 0.2561, 'grad_norm': 0.030809490010142326, 'learning_rate': 2.1088263821532493e-05, 'epoch': 1.486988847583643}
{'loss': 0.1859, 'grad_norm': 0.13684655725955963, 'learning_rate': 2.0991270611057227e-05, 'epoch': 1.5031517698399872}
{'loss': 0.2279, 'grad_norm': 0.19702325761318207, 'learning_rate': 2.089427740058196e-05, 'epoch': 1.519314692096331}
{'loss': 0.2016, 'grad_norm': 0.08503527194261551, 'learning_rate': 2.0797284190106693e-05, 'epoch': 1.535477614352675}
{'loss': 0.2052, 'grad_norm': 2.88325572013855, 'learning_rate': 2.0700290979631427e-05, 'epoch': 1.551640536609019}
{'loss': 0.2725, 'grad_norm': 12.818657875061035, 'learning_rate': 2.060329776915616e-05, 'epoch': 1.5678034588653629}
{'loss': 0.2239, 'grad_norm': 0.013832024298608303, 'learning_rate': 2.050630455868089e-05, 'epoch': 1.5839663811217068}
{'loss': 0.2487, 'grad_norm': 0.05121150612831116, 'learning_rate': 2.0409311348205624e-05, 'epoch': 1.6001293033780506}
{'loss': 0.215, 'grad_norm': 0.020189542323350906, 'learning_rate': 2.0312318137730357e-05, 'epoch': 1.6162922256343948}
{'loss': 0.1988, 'grad_norm': 0.01017728541046381, 'learning_rate': 2.021532492725509e-05, 'epoch': 1.6324551478907385}
{'loss': 0.1921, 'grad_norm': 0.020163940265774727, 'learning_rate': 2.0118331716779827e-05, 'epoch': 1.6486180701470827}
{'loss': 0.2215, 'grad_norm': 23.90470314025879, 'learning_rate': 2.002133850630456e-05, 'epoch': 1.6647809924034265}
{'loss': 0.2523, 'grad_norm': 0.047743454575538635, 'learning_rate': 1.9924345295829294e-05, 'epoch': 1.6809439146597704}
{'loss': 0.2297, 'grad_norm': 0.02375301718711853, 'learning_rate': 1.9827352085354027e-05, 'epoch': 1.6971068369161144}
{'loss': 0.1617, 'grad_norm': 0.020666133612394333, 'learning_rate': 1.973035887487876e-05, 'epoch': 1.7132697591724584}
{'loss': 0.2845, 'grad_norm': 0.05236763879656792, 'learning_rate': 1.9633365664403494e-05, 'epoch': 1.7294326814288024}
{'loss': 0.2473, 'grad_norm': 11.460590362548828, 'learning_rate': 1.9536372453928228e-05, 'epoch': 1.7455956036851463}
{'loss': 0.288, 'grad_norm': 0.03427702188491821, 'learning_rate': 1.943937924345296e-05, 'epoch': 1.7617585259414903}
{'loss': 0.2015, 'grad_norm': 0.013226657174527645, 'learning_rate': 1.934238603297769e-05, 'epoch': 1.777921448197834}
{'loss': 0.2935, 'grad_norm': 0.17028947174549103, 'learning_rate': 1.9245392822502424e-05, 'epoch': 1.7940843704541782}
{'loss': 0.2777, 'grad_norm': 0.06039445102214813, 'learning_rate': 1.9148399612027158e-05, 'epoch': 1.810247292710522}
{'loss': 0.2242, 'grad_norm': 0.40623921155929565, 'learning_rate': 1.905140640155189e-05, 'epoch': 1.8264102149668662}
{'loss': 0.2536, 'grad_norm': 18.927223205566406, 'learning_rate': 1.8954413191076625e-05, 'epoch': 1.84257313722321}
{'loss': 0.2628, 'grad_norm': 3.0409798622131348, 'learning_rate': 1.8857419980601358e-05, 'epoch': 1.858736059479554}
{'loss': 0.2348, 'grad_norm': 36.66414260864258, 'learning_rate': 1.876042677012609e-05, 'epoch': 1.8748989817358979}
{'loss': 0.2477, 'grad_norm': 2.0754122734069824, 'learning_rate': 1.8663433559650825e-05, 'epoch': 1.8910619039922418}
{'loss': 0.258, 'grad_norm': 0.15321765840053558, 'learning_rate': 1.8566440349175558e-05, 'epoch': 1.9072248262485858}
{'loss': 0.2365, 'grad_norm': 9.099702835083008, 'learning_rate': 1.846944713870029e-05, 'epoch': 1.9233877485049296}
{'loss': 0.1959, 'grad_norm': 0.026903871446847916, 'learning_rate': 1.8372453928225025e-05, 'epoch': 1.9395506707612737}
{'loss': 0.1808, 'grad_norm': 0.026563771069049835, 'learning_rate': 1.8275460717749758e-05, 'epoch': 1.9557135930176175}
{'loss': 0.2786, 'grad_norm': 2.5430197715759277, 'learning_rate': 1.8178467507274488e-05, 'epoch': 1.9718765152739617}
{'loss': 0.1813, 'grad_norm': 0.02512534148991108, 'learning_rate': 1.8083414161008727e-05, 'epoch': 1.9880394375303054}
{'eval_runtime': 15.0957, 'eval_samples_per_second': 833.417, 'eval_steps_per_second': 104.202, 'epoch': 2.0}
{'loss': 0.2438, 'grad_norm': 5.917198181152344, 'learning_rate': 1.798642095053346e-05, 'epoch': 2.0042023597866496}
{'loss': 0.1421, 'grad_norm': 2.5956013202667236, 'learning_rate': 1.7889427740058194e-05, 'epoch': 2.0203652820429934}
{'loss': 0.1574, 'grad_norm': 4.251748561859131, 'learning_rate': 1.7792434529582928e-05, 'epoch': 2.036528204299337}
{'loss': 0.2008, 'grad_norm': 4.9229021072387695, 'learning_rate': 1.769544131910766e-05, 'epoch': 2.0526911265556813}
{'loss': 0.2052, 'grad_norm': 0.5187219977378845, 'learning_rate': 1.7598448108632398e-05, 'epoch': 2.068854048812025}
{'loss': 0.1847, 'grad_norm': 0.06912638247013092, 'learning_rate': 1.750145489815713e-05, 'epoch': 2.0850169710683693}
{'loss': 0.1748, 'grad_norm': 20.14989471435547, 'learning_rate': 1.7404461687681865e-05, 'epoch': 2.101179893324713}
{'loss': 0.1701, 'grad_norm': 0.02692474238574505, 'learning_rate': 1.7307468477206598e-05, 'epoch': 2.117342815581057}
{'loss': 0.1565, 'grad_norm': 15.687360763549805, 'learning_rate': 1.721047526673133e-05, 'epoch': 2.133505737837401}
{'loss': 0.179, 'grad_norm': 0.029700428247451782, 'learning_rate': 1.7113482056256065e-05, 'epoch': 2.149668660093745}
{'loss': 0.1535, 'grad_norm': 39.346134185791016, 'learning_rate': 1.7016488845780798e-05, 'epoch': 2.165831582350089}
{'loss': 0.1843, 'grad_norm': 0.04035370424389839, 'learning_rate': 1.6919495635305528e-05, 'epoch': 2.1819945046064326}
{'loss': 0.222, 'grad_norm': 39.11422348022461, 'learning_rate': 1.682250242483026e-05, 'epoch': 2.198157426862777}
{'loss': 0.2125, 'grad_norm': 9.280852317810059, 'learning_rate': 1.6725509214354995e-05, 'epoch': 2.2143203491191206}
{'loss': 0.1692, 'grad_norm': 26.696977615356445, 'learning_rate': 1.6628516003879728e-05, 'epoch': 2.2304832713754648}
{'loss': 0.1429, 'grad_norm': 0.08213237673044205, 'learning_rate': 1.653152279340446e-05, 'epoch': 2.2466461936318085}
{'loss': 0.1917, 'grad_norm': 15.38822078704834, 'learning_rate': 1.6434529582929195e-05, 'epoch': 2.2628091158881527}
{'loss': 0.1426, 'grad_norm': 24.054845809936523, 'learning_rate': 1.633753637245393e-05, 'epoch': 2.2789720381444964}
{'loss': 0.1336, 'grad_norm': 0.0643068179488182, 'learning_rate': 1.6240543161978662e-05, 'epoch': 2.2951349604008406}
{'loss': 0.2261, 'grad_norm': 26.580692291259766, 'learning_rate': 1.6143549951503395e-05, 'epoch': 2.3112978826571844}
{'loss': 0.1656, 'grad_norm': 0.6578111052513123, 'learning_rate': 1.604655674102813e-05, 'epoch': 2.327460804913528}
{'loss': 0.2066, 'grad_norm': 15.033456802368164, 'learning_rate': 1.5949563530552862e-05, 'epoch': 2.3436237271698723}
{'loss': 0.2279, 'grad_norm': 0.5763971209526062, 'learning_rate': 1.5852570320077595e-05, 'epoch': 2.359786649426216}
{'loss': 0.1521, 'grad_norm': 3.5987091064453125, 'learning_rate': 1.575557710960233e-05, 'epoch': 2.3759495716825603}
{'loss': 0.1925, 'grad_norm': 0.03088444098830223, 'learning_rate': 1.565858389912706e-05, 'epoch': 2.392112493938904}
{'loss': 0.1641, 'grad_norm': 0.03053860366344452, 'learning_rate': 1.5561590688651792e-05, 'epoch': 2.408275416195248}
{'loss': 0.1189, 'grad_norm': 63.09908676147461, 'learning_rate': 1.5464597478176526e-05, 'epoch': 2.424438338451592}
{'loss': 0.1628, 'grad_norm': 0.03270217776298523, 'learning_rate': 1.5367604267701262e-05, 'epoch': 2.440601260707936}
{'loss': 0.1844, 'grad_norm': 1.6376227140426636, 'learning_rate': 1.5270611057225996e-05, 'epoch': 2.45676418296428}
{'loss': 0.1505, 'grad_norm': 22.49209976196289, 'learning_rate': 1.5173617846750729e-05, 'epoch': 2.4729271052206236}
{'loss': 0.2015, 'grad_norm': 0.06944519281387329, 'learning_rate': 1.5076624636275463e-05, 'epoch': 2.489090027476968}
{'loss': 0.1859, 'grad_norm': 29.06538200378418, 'learning_rate': 1.4979631425800194e-05, 'epoch': 2.505252949733312}
{'loss': 0.1818, 'grad_norm': 21.757850646972656, 'learning_rate': 1.4882638215324928e-05, 'epoch': 2.5214158719896558}
{'loss': 0.1567, 'grad_norm': 0.0835314691066742, 'learning_rate': 1.4785645004849661e-05, 'epoch': 2.5375787942459995}
{'loss': 0.1098, 'grad_norm': 36.79172897338867, 'learning_rate': 1.4688651794374394e-05, 'epoch': 2.5537417165023437}
{'loss': 0.2342, 'grad_norm': 31.045488357543945, 'learning_rate': 1.4591658583899128e-05, 'epoch': 2.5699046387586875}
{'loss': 0.1274, 'grad_norm': 11.527753829956055, 'learning_rate': 1.4494665373423861e-05, 'epoch': 2.5860675610150317}
{'loss': 0.1996, 'grad_norm': 3.207612991333008, 'learning_rate': 1.4397672162948595e-05, 'epoch': 2.6022304832713754}
{'loss': 0.1861, 'grad_norm': 13.450191497802734, 'learning_rate': 1.4300678952473328e-05, 'epoch': 2.618393405527719}
{'loss': 0.1113, 'grad_norm': 8.930940628051758, 'learning_rate': 1.420368574199806e-05, 'epoch': 2.6345563277840633}
{'loss': 0.1841, 'grad_norm': 15.025601387023926, 'learning_rate': 1.4106692531522793e-05, 'epoch': 2.6507192500404075}
{'loss': 0.2238, 'grad_norm': 0.048418078571558, 'learning_rate': 1.4009699321047526e-05, 'epoch': 2.6668821722967513}
{'loss': 0.1962, 'grad_norm': 9.986858367919922, 'learning_rate': 1.391270611057226e-05, 'epoch': 2.683045094553095}
{'loss': 0.122, 'grad_norm': 0.017931200563907623, 'learning_rate': 1.3815712900096993e-05, 'epoch': 2.6992080168094392}
{'loss': 0.1692, 'grad_norm': 0.06308706849813461, 'learning_rate': 1.3718719689621728e-05, 'epoch': 2.715370939065783}
{'loss': 0.102, 'grad_norm': 0.12534373998641968, 'learning_rate': 1.362172647914646e-05, 'epoch': 2.731533861322127}
{'loss': 0.1589, 'grad_norm': 21.270936965942383, 'learning_rate': 1.3524733268671193e-05, 'epoch': 2.747696783578471}
{'loss': 0.1791, 'grad_norm': 15.991198539733887, 'learning_rate': 1.3427740058195927e-05, 'epoch': 2.7638597058348147}
{'loss': 0.157, 'grad_norm': 23.367225646972656, 'learning_rate': 1.333074684772066e-05, 'epoch': 2.780022628091159}
{'loss': 0.1392, 'grad_norm': 11.68403148651123, 'learning_rate': 1.3233753637245394e-05, 'epoch': 2.796185550347503}
{'loss': 0.1279, 'grad_norm': 0.7065470218658447, 'learning_rate': 1.3136760426770127e-05, 'epoch': 2.812348472603847}
{'loss': 0.1374, 'grad_norm': 12.729340553283691, 'learning_rate': 1.3041707080504366e-05, 'epoch': 2.8285113948601905}
{'loss': 0.1793, 'grad_norm': 21.68531036376953, 'learning_rate': 1.2944713870029098e-05, 'epoch': 2.8446743171165347}
{'loss': 0.1599, 'grad_norm': 3.59859299659729, 'learning_rate': 1.2847720659553831e-05, 'epoch': 2.8608372393728785}
{'loss': 0.207, 'grad_norm': 34.0147590637207, 'learning_rate': 1.2750727449078565e-05, 'epoch': 2.8770001616292227}
{'loss': 0.1482, 'grad_norm': 19.190380096435547, 'learning_rate': 1.2653734238603298e-05, 'epoch': 2.8931630838855664}
{'loss': 0.1745, 'grad_norm': 9.37877368927002, 'learning_rate': 1.2556741028128031e-05, 'epoch': 2.9093260061419106}
{'loss': 0.1277, 'grad_norm': 49.3420295715332, 'learning_rate': 1.2459747817652765e-05, 'epoch': 2.9254889283982544}
{'loss': 0.2221, 'grad_norm': 23.47058868408203, 'learning_rate': 1.2362754607177496e-05, 'epoch': 2.9416518506545986}
{'loss': 0.1418, 'grad_norm': 8.808384895324707, 'learning_rate': 1.2265761396702231e-05, 'epoch': 2.9578147729109423}
{'loss': 0.1778, 'grad_norm': 12.037049293518066, 'learning_rate': 1.2168768186226965e-05, 'epoch': 2.973977695167286}
{'loss': 0.1864, 'grad_norm': 8.280082702636719, 'learning_rate': 1.2071774975751698e-05, 'epoch': 2.9901406174236302}
{'eval_runtime': 17.2635, 'eval_samples_per_second': 728.763, 'eval_steps_per_second': 91.117, 'epoch': 2.9998383707774368}
{'loss': 0.1242, 'grad_norm': 0.030227163806557655, 'learning_rate': 1.1974781765276432e-05, 'epoch': 3.006303539679974}
{'loss': 0.1016, 'grad_norm': 0.01198624074459076, 'learning_rate': 1.1877788554801165e-05, 'epoch': 3.022466461936318}
{'loss': 0.1325, 'grad_norm': 0.15007071197032928, 'learning_rate': 1.1780795344325897e-05, 'epoch': 3.038629384192662}
{'loss': 0.0831, 'grad_norm': 0.866058349609375, 'learning_rate': 1.168380213385063e-05, 'epoch': 3.054792306449006}
{'loss': 0.1442, 'grad_norm': 0.0064351423643529415, 'learning_rate': 1.1586808923375364e-05, 'epoch': 3.07095522870535}
{'loss': 0.1368, 'grad_norm': 0.012459365651011467, 'learning_rate': 1.1489815712900097e-05, 'epoch': 3.087118150961694}
{'loss': 0.1453, 'grad_norm': 0.007145759183913469, 'learning_rate': 1.139282250242483e-05, 'epoch': 3.103281073218038}
{'loss': 0.093, 'grad_norm': 21.61298942565918, 'learning_rate': 1.1295829291949564e-05, 'epoch': 3.1194439954743816}
{'loss': 0.1867, 'grad_norm': 0.03995867818593979, 'learning_rate': 1.1198836081474297e-05, 'epoch': 3.1356069177307258}
{'loss': 0.1077, 'grad_norm': 1.0919289588928223, 'learning_rate': 1.110184287099903e-05, 'epoch': 3.1517698399870695}
{'loss': 0.1048, 'grad_norm': 42.894187927246094, 'learning_rate': 1.1004849660523764e-05, 'epoch': 3.1679327622434137}
{'loss': 0.1688, 'grad_norm': 0.01797330379486084, 'learning_rate': 1.0907856450048497e-05, 'epoch': 3.1840956844997574}
{'loss': 0.1258, 'grad_norm': 0.14781217277050018, 'learning_rate': 1.081086323957323e-05, 'epoch': 3.2002586067561016}
{'loss': 0.1175, 'grad_norm': 0.05797594040632248, 'learning_rate': 1.0713870029097964e-05, 'epoch': 3.2164215290124454}
{'loss': 0.1226, 'grad_norm': 23.261661529541016, 'learning_rate': 1.0616876818622697e-05, 'epoch': 3.2325844512687896}
{'loss': 0.1371, 'grad_norm': 102.7428970336914, 'learning_rate': 1.051988360814743e-05, 'epoch': 3.2487473735251333}
{'loss': 0.1234, 'grad_norm': 0.006226452067494392, 'learning_rate': 1.0422890397672163e-05, 'epoch': 3.264910295781477}
{'loss': 0.1765, 'grad_norm': 0.02945581264793873, 'learning_rate': 1.0325897187196896e-05, 'epoch': 3.2810732180378213}
{'loss': 0.1083, 'grad_norm': 0.006755796726793051, 'learning_rate': 1.022890397672163e-05, 'epoch': 3.297236140294165}
{'loss': 0.1631, 'grad_norm': 2.4738142490386963, 'learning_rate': 1.0131910766246363e-05, 'epoch': 3.313399062550509}
{'loss': 0.1433, 'grad_norm': 0.058806732296943665, 'learning_rate': 1.0034917555771098e-05, 'epoch': 3.329561984806853}
{'loss': 0.1181, 'grad_norm': 0.06310474127531052, 'learning_rate': 9.93792434529583e-06, 'epoch': 3.345724907063197}
{'loss': 0.0955, 'grad_norm': 0.010885769501328468, 'learning_rate': 9.840931134820563e-06, 'epoch': 3.361887829319541}
{'loss': 0.1461, 'grad_norm': 0.011978402733802795, 'learning_rate': 9.743937924345296e-06, 'epoch': 3.378050751575885}
{'loss': 0.1087, 'grad_norm': 0.013051493093371391, 'learning_rate': 9.64694471387003e-06, 'epoch': 3.394213673832229}
{'loss': 0.118, 'grad_norm': 0.030910655856132507, 'learning_rate': 9.549951503394763e-06, 'epoch': 3.4103765960885726}
{'loss': 0.1004, 'grad_norm': 0.010675312951207161, 'learning_rate': 9.452958292919496e-06, 'epoch': 3.4265395183449168}
{'loss': 0.1289, 'grad_norm': 0.008443567901849747, 'learning_rate': 9.355965082444228e-06, 'epoch': 3.4427024406012605}
{'loss': 0.2062, 'grad_norm': 0.04288216680288315, 'learning_rate': 9.258971871968962e-06, 'epoch': 3.4588653628576047}
{'loss': 0.1167, 'grad_norm': 51.83708953857422, 'learning_rate': 9.161978661493695e-06, 'epoch': 3.4750282851139485}
{'loss': 0.1495, 'grad_norm': 35.75495147705078, 'learning_rate': 9.064985451018428e-06, 'epoch': 3.4911912073702926}
{'loss': 0.1271, 'grad_norm': 0.055895645171403885, 'learning_rate': 8.967992240543163e-06, 'epoch': 3.5073541296266364}
{'loss': 0.1041, 'grad_norm': 16.22879981994629, 'learning_rate': 8.870999030067897e-06, 'epoch': 3.5235170518829806}
{'loss': 0.0808, 'grad_norm': 0.010564385913312435, 'learning_rate': 8.774005819592629e-06, 'epoch': 3.5396799741393243}
{'loss': 0.1616, 'grad_norm': 0.05240102857351303, 'learning_rate': 8.677012609117362e-06, 'epoch': 3.555842896395668}
{'loss': 0.1285, 'grad_norm': 24.977394104003906, 'learning_rate': 8.580019398642095e-06, 'epoch': 3.5720058186520123}
{'loss': 0.1091, 'grad_norm': 0.01133995782583952, 'learning_rate': 8.483026188166829e-06, 'epoch': 3.5881687409083565}
{'loss': 0.1295, 'grad_norm': 0.02611081302165985, 'learning_rate': 8.386032977691562e-06, 'epoch': 3.6043316631647}
{'loss': 0.0973, 'grad_norm': 0.02552150934934616, 'learning_rate': 8.289039767216295e-06, 'epoch': 3.620494585421044}
{'loss': 0.1406, 'grad_norm': 0.013316778466105461, 'learning_rate': 8.192046556741027e-06, 'epoch': 3.636657507677388}
{'loss': 0.0914, 'grad_norm': 0.04217573255300522, 'learning_rate': 8.09505334626576e-06, 'epoch': 3.652820429933732}
{'loss': 0.1713, 'grad_norm': 0.02332477644085884, 'learning_rate': 7.998060135790494e-06, 'epoch': 3.668983352190076}
{'loss': 0.1221, 'grad_norm': 27.5532169342041, 'learning_rate': 7.901066925315227e-06, 'epoch': 3.68514627444642}
{'loss': 0.1052, 'grad_norm': 0.024794872850179672, 'learning_rate': 7.804073714839962e-06, 'epoch': 3.7013091967027636}
{'loss': 0.094, 'grad_norm': 0.01859636791050434, 'learning_rate': 7.707080504364696e-06, 'epoch': 3.717472118959108}
{'loss': 0.0896, 'grad_norm': 0.013261344283819199, 'learning_rate': 7.610087293889428e-06, 'epoch': 3.733635041215452}
{'loss': 0.1408, 'grad_norm': 0.022714955732226372, 'learning_rate': 7.513094083414162e-06, 'epoch': 3.7497979634717957}
{'loss': 0.0858, 'grad_norm': 0.025505580008029938, 'learning_rate': 7.416100872938894e-06, 'epoch': 3.7659608857281395}
{'loss': 0.1123, 'grad_norm': 0.020077558234333992, 'learning_rate': 7.3210475266731325e-06, 'epoch': 3.7821238079844837}
{'loss': 0.1239, 'grad_norm': 0.08135154843330383, 'learning_rate': 7.224054316197867e-06, 'epoch': 3.7982867302408274}
{'loss': 0.0976, 'grad_norm': 0.004537282045930624, 'learning_rate': 7.1270611057226e-06, 'epoch': 3.8144496524971716}
{'loss': 0.1226, 'grad_norm': 0.0151686305180192, 'learning_rate': 7.030067895247333e-06, 'epoch': 3.8306125747535154}
{'loss': 0.1791, 'grad_norm': 0.019001323729753494, 'learning_rate': 6.933074684772066e-06, 'epoch': 3.8467754970098595}
{'loss': 0.0807, 'grad_norm': 0.0069424244575202465, 'learning_rate': 6.8360814742967995e-06, 'epoch': 3.8629384192662033}
{'loss': 0.0945, 'grad_norm': 0.03061852790415287, 'learning_rate': 6.739088263821532e-06, 'epoch': 3.8791013415225475}
{'loss': 0.1533, 'grad_norm': 0.39434897899627686, 'learning_rate': 6.642095053346266e-06, 'epoch': 3.8952642637788912}
{'loss': 0.09, 'grad_norm': 0.02769809029996395, 'learning_rate': 6.545101842871e-06, 'epoch': 3.911427186035235}
{'loss': 0.1095, 'grad_norm': 0.009719244204461575, 'learning_rate': 6.448108632395732e-06, 'epoch': 3.927590108291579}
{'loss': 0.1293, 'grad_norm': 0.010113376192748547, 'learning_rate': 6.351115421920466e-06, 'epoch': 3.943753030547923}
{'loss': 0.1282, 'grad_norm': 0.01244534831494093, 'learning_rate': 6.254122211445199e-06, 'epoch': 3.959915952804267}
{'loss': 0.0861, 'grad_norm': 4.43378210067749, 'learning_rate': 6.1571290009699315e-06, 'epoch': 3.976078875060611}
{'loss': 0.141, 'grad_norm': 0.022321419790387154, 'learning_rate': 6.060135790494666e-06, 'epoch': 3.992241797316955}
{'eval_runtime': 14.9106, 'eval_samples_per_second': 843.763, 'eval_steps_per_second': 105.496, 'epoch': 4.0}
{'loss': 0.0992, 'grad_norm': 3.543344497680664, 'learning_rate': 5.963142580019399e-06, 'epoch': 4.008404719573299}
{'loss': 0.1311, 'grad_norm': 8.083218574523926, 'learning_rate': 5.866149369544132e-06, 'epoch': 4.024567641829643}
{'loss': 0.0885, 'grad_norm': 0.006820258218795061, 'learning_rate': 5.769156159068865e-06, 'epoch': 4.040730564085987}
{'loss': 0.0871, 'grad_norm': 62.22434616088867, 'learning_rate': 5.6721629485935985e-06, 'epoch': 4.0568934863423305}
{'loss': 0.092, 'grad_norm': 0.035514749586582184, 'learning_rate': 5.575169738118332e-06, 'epoch': 4.073056408598674}
{'loss': 0.1124, 'grad_norm': 0.04665813967585564, 'learning_rate': 5.478176527643065e-06, 'epoch': 4.089219330855019}
{'loss': 0.1225, 'grad_norm': 0.1666329950094223, 'learning_rate': 5.381183317167799e-06, 'epoch': 4.105382253111363}
{'loss': 0.108, 'grad_norm': 18.37209129333496, 'learning_rate': 5.284190106692531e-06, 'epoch': 4.121545175367706}
{'loss': 0.0574, 'grad_norm': 0.019882971420884132, 'learning_rate': 5.187196896217265e-06, 'epoch': 4.13770809762405}
{'loss': 0.1269, 'grad_norm': 76.35177612304688, 'learning_rate': 5.090203685741998e-06, 'epoch': 4.153871019880395}
{'loss': 0.1369, 'grad_norm': 0.009239807724952698, 'learning_rate': 4.993210475266731e-06, 'epoch': 4.1700339421367385}
{'loss': 0.0678, 'grad_norm': 10.163702964782715, 'learning_rate': 4.896217264791465e-06, 'epoch': 4.186196864393082}
{'loss': 0.0916, 'grad_norm': 0.04331810399889946, 'learning_rate': 4.799224054316198e-06, 'epoch': 4.202359786649426}
{'loss': 0.1164, 'grad_norm': 48.636253356933594, 'learning_rate': 4.702230843840931e-06, 'epoch': 4.21852270890577}
{'loss': 0.1219, 'grad_norm': 0.050780415534973145, 'learning_rate': 4.605237633365664e-06, 'epoch': 4.234685631162114}
{'loss': 0.0777, 'grad_norm': 0.027729755267500877, 'learning_rate': 4.5082444228903975e-06, 'epoch': 4.250848553418458}
{'loss': 0.1044, 'grad_norm': 29.837173461914062, 'learning_rate': 4.411251212415132e-06, 'epoch': 4.267011475674802}
{'loss': 0.0913, 'grad_norm': 0.28719526529312134, 'learning_rate': 4.314258001939864e-06, 'epoch': 4.283174397931146}
{'loss': 0.1219, 'grad_norm': 0.8526589274406433, 'learning_rate': 4.217264791464598e-06, 'epoch': 4.29933732018749}
{'loss': 0.1352, 'grad_norm': 3.811417579650879, 'learning_rate': 4.120271580989331e-06, 'epoch': 4.315500242443834}
{'loss': 0.0788, 'grad_norm': 0.8904434442520142, 'learning_rate': 4.023278370514064e-06, 'epoch': 4.331663164700178}
{'loss': 0.1368, 'grad_norm': 32.84482955932617, 'learning_rate': 3.926285160038798e-06, 'epoch': 4.3478260869565215}
{'loss': 0.0726, 'grad_norm': 2.270185708999634, 'learning_rate': 3.829291949563531e-06, 'epoch': 4.363989009212865}
{'loss': 0.0601, 'grad_norm': 0.018227409571409225, 'learning_rate': 3.732298739088264e-06, 'epoch': 4.38015193146921}
{'loss': 0.1201, 'grad_norm': 16.030656814575195, 'learning_rate': 3.635305528612997e-06, 'epoch': 4.396314853725554}
{'loss': 0.1078, 'grad_norm': 4.890440940856934, 'learning_rate': 3.53831231813773e-06, 'epoch': 4.412477775981897}
{'loss': 0.0952, 'grad_norm': 0.04430769383907318, 'learning_rate': 3.441319107662464e-06, 'epoch': 4.428640698238241}
{'loss': 0.1195, 'grad_norm': 9.595582008361816, 'learning_rate': 3.344325897187197e-06, 'epoch': 4.444803620494586}
{'loss': 0.0815, 'grad_norm': 3.994478940963745, 'learning_rate': 3.2492725509214356e-06, 'epoch': 4.4609665427509295}
{'loss': 0.0941, 'grad_norm': 17.370485305786133, 'learning_rate': 3.152279340446169e-06, 'epoch': 4.477129465007273}
{'loss': 0.1255, 'grad_norm': 0.8846794962882996, 'learning_rate': 3.055286129970902e-06, 'epoch': 4.493292387263617}
{'loss': 0.1247, 'grad_norm': 8.199055671691895, 'learning_rate': 2.9582929194956353e-06, 'epoch': 4.509455309519961}
{'loss': 0.1113, 'grad_norm': 7.6163740158081055, 'learning_rate': 2.8612997090203687e-06, 'epoch': 4.525618231776305}
{'loss': 0.0824, 'grad_norm': 0.008451754227280617, 'learning_rate': 2.764306498545102e-06, 'epoch': 4.541781154032649}
{'loss': 0.0638, 'grad_norm': 0.4029260277748108, 'learning_rate': 2.667313288069835e-06, 'epoch': 4.557944076288993}
{'loss': 0.0601, 'grad_norm': 0.017990056425333023, 'learning_rate': 2.5703200775945685e-06, 'epoch': 4.574106998545337}
{'loss': 0.1237, 'grad_norm': 4.869567394256592, 'learning_rate': 2.473326867119302e-06, 'epoch': 4.590269920801681}
{'loss': 0.1142, 'grad_norm': 0.017196830362081528, 'learning_rate': 2.376333656644035e-06, 'epoch': 4.606432843058025}
{'loss': 0.0886, 'grad_norm': 0.024526165798306465, 'learning_rate': 2.2793404461687682e-06, 'epoch': 4.622595765314369}
{'loss': 0.0957, 'grad_norm': 0.043422259390354156, 'learning_rate': 2.1823472356935016e-06, 'epoch': 4.6387586875707125}
{'loss': 0.1074, 'grad_norm': 11.139492988586426, 'learning_rate': 2.0853540252182346e-06, 'epoch': 4.654921609827056}
{'loss': 0.1037, 'grad_norm': 26.118751525878906, 'learning_rate': 1.988360814742968e-06, 'epoch': 4.671084532083401}
{'loss': 0.1576, 'grad_norm': 21.567169189453125, 'learning_rate': 1.8913676042677012e-06, 'epoch': 4.687247454339745}
{'loss': 0.145, 'grad_norm': 0.05445399135351181, 'learning_rate': 1.7943743937924346e-06, 'epoch': 4.703410376596088}
{'loss': 0.1385, 'grad_norm': 3.595688581466675, 'learning_rate': 1.697381183317168e-06, 'epoch': 4.719573298852432}
{'loss': 0.06, 'grad_norm': 0.02505694516003132, 'learning_rate': 1.600387972841901e-06, 'epoch': 4.735736221108777}
{'loss': 0.1194, 'grad_norm': 0.0391804464161396, 'learning_rate': 1.5033947623666343e-06, 'epoch': 4.7518991433651205}
{'loss': 0.0681, 'grad_norm': 8.250276565551758, 'learning_rate': 1.4064015518913677e-06, 'epoch': 4.768062065621464}
{'loss': 0.1197, 'grad_norm': 0.007048978935927153, 'learning_rate': 1.3094083414161011e-06, 'epoch': 4.784224987877808}
{'loss': 0.0643, 'grad_norm': 0.009707381948828697, 'learning_rate': 1.212415130940834e-06, 'epoch': 4.800387910134152}
{'loss': 0.0929, 'grad_norm': 0.006235932931303978, 'learning_rate': 1.1154219204655675e-06, 'epoch': 4.816550832390496}
{'loss': 0.0582, 'grad_norm': 4.885505676269531, 'learning_rate': 1.0184287099903009e-06, 'epoch': 4.83271375464684}
{'loss': 0.1124, 'grad_norm': 24.357789993286133, 'learning_rate': 9.21435499515034e-07, 'epoch': 4.848876676903184}
{'loss': 0.1676, 'grad_norm': 19.392942428588867, 'learning_rate': 8.244422890397672e-07, 'epoch': 4.865039599159528}
{'loss': 0.092, 'grad_norm': 29.018938064575195, 'learning_rate': 7.274490785645004e-07, 'epoch': 4.881202521415872}
{'loss': 0.0817, 'grad_norm': 0.04621204733848572, 'learning_rate': 6.304558680892338e-07, 'epoch': 4.897365443672216}
{'loss': 0.0975, 'grad_norm': 0.03833702579140663, 'learning_rate': 5.33462657613967e-07, 'epoch': 4.91352836592856}
{'loss': 0.0761, 'grad_norm': 0.006196143105626106, 'learning_rate': 4.3646944713870026e-07, 'epoch': 4.9296912881849035}
{'loss': 0.0946, 'grad_norm': 26.748104095458984, 'learning_rate': 3.3947623666343355e-07, 'epoch': 4.945854210441247}
{'loss': 0.1269, 'grad_norm': 13.09743595123291, 'learning_rate': 2.4248302618816684e-07, 'epoch': 4.962017132697592}
{'loss': 0.1354, 'grad_norm': 15.915515899658203, 'learning_rate': 1.4548981571290012e-07, 'epoch': 4.978180054953936}
{'loss': 0.0816, 'grad_norm': 16.416885375976562, 'learning_rate': 4.849660523763337e-08, 'epoch': 4.994342977210279}
{'eval_runtime': 15.5358, 'eval_samples_per_second': 809.806, 'eval_steps_per_second': 101.25, 'epoch': 4.999191853887183}
{'train_runtime': 2612.3385, 'train_samples_per_second': 94.727, 'train_steps_per_second': 5.92, 'train_loss': 0.19614037530074566, 'epoch': 4.999191853887183}
Evaluation results for bert-base-uncased:
{'eval_runtime': 16.7651, 'eval_samples_per_second': 750.428, 'eval_steps_per_second': 93.826, 'epoch': 4.999191853887183}
{'eval_runtime': 16.7313, 'eval_samples_per_second': 751.942, 'eval_steps_per_second': 94.015, 'epoch': 4.999191853887183}
Evaluation results for bert-base-uncased:
{'eval_runtime': 16.7313, 'eval_samples_per_second': 751.942, 'eval_steps_per_second': 94.015, 'epoch': 4.999191853887183}
Evaluation results for bert-base-uncased:
{'eval_runtime': 16.7368, 'eval_samples_per_second': 751.696, 'eval_steps_per_second': 93.984, 'epoch': 4.999191853887183}
Evaluation results for bert-base-uncased:
{'eval_runtime': 16.7809, 'eval_samples_per_second': 749.721, 'eval_steps_per_second': 93.738, 'epoch': 4.999191853887183}

***** Training roberta-base *****

***** Training roberta-base *****

***** Training roberta-base *****

***** Training roberta-base *****
{'loss': 2.1162, 'grad_norm': 19.119104385375977, 'learning_rate': 2.991478373143964e-05, 'epoch': 0.016136840406648378}
{'loss': 0.5357, 'grad_norm': 22.00164031982422, 'learning_rate': 2.9817947062621047e-05, 'epoch': 0.032273680813296755}
{'loss': 0.5111, 'grad_norm': 2.3704686164855957, 'learning_rate': 2.9721110393802453e-05, 'epoch': 0.048410521219945137}
{'loss': 0.4498, 'grad_norm': 1.5556946992874146, 'learning_rate': 2.962427372498386e-05, 'epoch': 0.06454736162659351}
{'loss': 0.5549, 'grad_norm': 24.642980575561523, 'learning_rate': 2.952743705616527e-05, 'epoch': 0.08068420203324189}
{'loss': 0.5711, 'grad_norm': 0.884239137172699, 'learning_rate': 2.9436410587475793e-05, 'epoch': 0.09682104243989027}
{'loss': 0.5392, 'grad_norm': 3.435314893722534, 'learning_rate': 2.9341510652033573e-05, 'epoch': 0.11295788284653865}
{'loss': 0.469, 'grad_norm': 0.9842242002487183, 'learning_rate': 2.924467398321498e-05, 'epoch': 0.12909472325318702}
{'loss': 0.486, 'grad_norm': 5.015242576599121, 'learning_rate': 2.9147837314396387e-05, 'epoch': 0.14523156365983542}
{'loss': 0.416, 'grad_norm': 9.994646072387695, 'learning_rate': 2.9051000645577792e-05, 'epoch': 0.16136840406648378}
{'loss': 0.4359, 'grad_norm': 7.289312839508057, 'learning_rate': 2.89541639767592e-05, 'epoch': 0.17750524447313215}
{'loss': 0.3355, 'grad_norm': 21.15160369873047, 'learning_rate': 2.8857327307940606e-05, 'epoch': 0.19364208487978055}
{'loss': 0.3745, 'grad_norm': 6.53194522857666, 'learning_rate': 2.8760490639122015e-05, 'epoch': 0.2097789252864289}
{'loss': 0.3868, 'grad_norm': 2.0073556900024414, 'learning_rate': 2.866365397030342e-05, 'epoch': 0.2259157656930773}
{'loss': 0.4098, 'grad_norm': 49.150962829589844, 'learning_rate': 2.856681730148483e-05, 'epoch': 0.24205260609972568}
{'loss': 0.3392, 'grad_norm': 2.824385404586792, 'learning_rate': 2.8469980632666237e-05, 'epoch': 0.25818944650637404}
{'loss': 0.3944, 'grad_norm': 32.56583786010742, 'learning_rate': 2.8373143963847643e-05, 'epoch': 0.2743262869130224}
{'loss': 0.3306, 'grad_norm': 1.4973596334457397, 'learning_rate': 2.827630729502905e-05, 'epoch': 0.29046312731967083}
{'loss': 0.419, 'grad_norm': 27.116701126098633, 'learning_rate': 2.817947062621046e-05, 'epoch': 0.3065999677263192}
{'loss': 0.3224, 'grad_norm': 5.237662315368652, 'learning_rate': 2.808263395739187e-05, 'epoch': 0.32273680813296757}
{'loss': 0.2769, 'grad_norm': 36.323421478271484, 'learning_rate': 2.7985797288573274e-05, 'epoch': 0.33887364853961593}
{'loss': 0.3349, 'grad_norm': 0.5732558369636536, 'learning_rate': 2.7888960619754682e-05, 'epoch': 0.3550104889462643}
{'loss': 0.3623, 'grad_norm': 13.596092224121094, 'learning_rate': 2.7792123950936088e-05, 'epoch': 0.3711473293529127}
{'loss': 0.392, 'grad_norm': 0.5557258725166321, 'learning_rate': 2.7695287282117496e-05, 'epoch': 0.3872841697595611}
{'loss': 0.2779, 'grad_norm': 12.698222160339355, 'learning_rate': 2.7598450613298905e-05, 'epoch': 0.40342101016620946}
{'loss': 0.2994, 'grad_norm': 1.2638883590698242, 'learning_rate': 2.750161394448031e-05, 'epoch': 0.4195578505728578}
{'loss': 0.2724, 'grad_norm': 11.401171684265137, 'learning_rate': 2.740477727566172e-05, 'epoch': 0.4356946909795062}
{'loss': 0.3251, 'grad_norm': 0.07465638965368271, 'learning_rate': 2.7307940606843124e-05, 'epoch': 0.4518315313861546}
{'loss': 0.1819, 'grad_norm': 0.18567028641700745, 'learning_rate': 2.7211103938024533e-05, 'epoch': 0.467968371792803}
{'loss': 0.2721, 'grad_norm': 10.360464096069336, 'learning_rate': 2.7114267269205938e-05, 'epoch': 0.48410521219945135}
{'loss': 0.3148, 'grad_norm': 0.16665726900100708, 'learning_rate': 2.7017430600387346e-05, 'epoch': 0.5002420526060998}
{'loss': 0.1961, 'grad_norm': 65.8771743774414, 'learning_rate': 2.692059393156875e-05, 'epoch': 0.5163788930127481}
{'loss': 0.343, 'grad_norm': 78.21244812011719, 'learning_rate': 2.6823757262750164e-05, 'epoch': 0.5325157334193965}
{'loss': 0.2425, 'grad_norm': 8.631224632263184, 'learning_rate': 2.6726920593931572e-05, 'epoch': 0.5486525738260448}
{'loss': 0.2102, 'grad_norm': 11.924345970153809, 'learning_rate': 2.6630083925112977e-05, 'epoch': 0.5647894142326932}
{'loss': 0.2462, 'grad_norm': 13.616474151611328, 'learning_rate': 2.6533247256294386e-05, 'epoch': 0.5809262546393417}
{'loss': 0.2794, 'grad_norm': 0.07176624983549118, 'learning_rate': 2.643641058747579e-05, 'epoch': 0.59706309504599}
{'loss': 0.3459, 'grad_norm': 27.291332244873047, 'learning_rate': 2.63395739186572e-05, 'epoch': 0.6131999354526384}
{'loss': 0.2338, 'grad_norm': 21.086711883544922, 'learning_rate': 2.6242737249838605e-05, 'epoch': 0.6293367758592867}
{'loss': 0.2086, 'grad_norm': 0.03567007556557655, 'learning_rate': 2.6145900581020014e-05, 'epoch': 0.6454736162659351}
{'loss': 0.302, 'grad_norm': 16.60138702392578, 'learning_rate': 2.604906391220142e-05, 'epoch': 0.6616104566725836}
{'loss': 0.3328, 'grad_norm': 0.833579421043396, 'learning_rate': 2.5952227243382828e-05, 'epoch': 0.6777472970792319}
{'loss': 0.1881, 'grad_norm': 0.048333149403333664, 'learning_rate': 2.5855390574564236e-05, 'epoch': 0.6938841374858803}
{'loss': 0.2923, 'grad_norm': 0.2559995949268341, 'learning_rate': 2.575855390574564e-05, 'epoch': 0.7100209778925286}
{'loss': 0.2935, 'grad_norm': 54.62612533569336, 'learning_rate': 2.566171723692705e-05, 'epoch': 0.726157818299177}
{'loss': 0.1893, 'grad_norm': 0.1689193695783615, 'learning_rate': 2.5564880568108455e-05, 'epoch': 0.7422946587058254}
{'loss': 0.2943, 'grad_norm': 1.7784712314605713, 'learning_rate': 2.5468043899289864e-05, 'epoch': 0.7584314991124738}
{'loss': 0.2828, 'grad_norm': 5.116616249084473, 'learning_rate': 2.5371207230471273e-05, 'epoch': 0.7745683395191222}
{'loss': 0.2677, 'grad_norm': 16.489530563354492, 'learning_rate': 2.527437056165268e-05, 'epoch': 0.7907051799257705}
{'loss': 0.2577, 'grad_norm': 0.35756033658981323, 'learning_rate': 2.5177533892834087e-05, 'epoch': 0.8068420203324189}
{'loss': 0.2645, 'grad_norm': 0.03627363219857216, 'learning_rate': 2.5080697224015495e-05, 'epoch': 0.8229788607390673}
{'loss': 0.2139, 'grad_norm': 0.15830273926258087, 'learning_rate': 2.4983860555196904e-05, 'epoch': 0.8391157011457157}
{'loss': 0.2182, 'grad_norm': 10.962796211242676, 'learning_rate': 2.488702388637831e-05, 'epoch': 0.8552525415523641}
{'loss': 0.2786, 'grad_norm': 0.6165907382965088, 'learning_rate': 2.4790187217559718e-05, 'epoch': 0.8713893819590124}
{'loss': 0.1163, 'grad_norm': 0.028310853987932205, 'learning_rate': 2.4693350548741123e-05, 'epoch': 0.8875262223656608}
{'loss': 0.2553, 'grad_norm': 16.116416931152344, 'learning_rate': 2.459651387992253e-05, 'epoch': 0.9036630627723092}
{'loss': 0.2252, 'grad_norm': 0.7328989505767822, 'learning_rate': 2.4499677211103937e-05, 'epoch': 0.9197999031789575}
{'loss': 0.2468, 'grad_norm': 18.351757049560547, 'learning_rate': 2.4402840542285345e-05, 'epoch': 0.935936743585606}
{'loss': 0.2828, 'grad_norm': 0.24408283829689026, 'learning_rate': 2.430600387346675e-05, 'epoch': 0.9520735839922543}
{'loss': 0.2294, 'grad_norm': 15.03101634979248, 'learning_rate': 2.420916720464816e-05, 'epoch': 0.9682104243989027}
{'loss': 0.2472, 'grad_norm': 9.650161743164062, 'learning_rate': 2.4112330535829568e-05, 'epoch': 0.9843472648055511}
{'eval_runtime': 15.5566, 'eval_samples_per_second': 811.425, 'eval_steps_per_second': 101.436, 'epoch': 0.9998386315959336}
{'loss': 0.243, 'grad_norm': 0.05010140687227249, 'learning_rate': 2.4015493867010976e-05, 'epoch': 1.0004841052121995}
{'loss': 0.1822, 'grad_norm': 7.3991379737854, 'learning_rate': 2.3918657198192385e-05, 'epoch': 1.0166209456188477}
{'loss': 0.2458, 'grad_norm': 7.157099723815918, 'learning_rate': 2.382182052937379e-05, 'epoch': 1.0327577860254962}
{'loss': 0.1745, 'grad_norm': 19.520748138427734, 'learning_rate': 2.37249838605552e-05, 'epoch': 1.0488946264321446}
{'loss': 0.2449, 'grad_norm': 3.000436782836914, 'learning_rate': 2.3628147191736604e-05, 'epoch': 1.065031466838793}
{'loss': 0.2644, 'grad_norm': 237.08319091796875, 'learning_rate': 2.3531310522918013e-05, 'epoch': 1.0811683072454414}
{'loss': 0.2014, 'grad_norm': 0.01371223945170641, 'learning_rate': 2.3434473854099418e-05, 'epoch': 1.0973051476520896}
{'loss': 0.3053, 'grad_norm': 9.515828132629395, 'learning_rate': 2.3337637185280827e-05, 'epoch': 1.113441988058738}
{'loss': 0.214, 'grad_norm': 0.070992611348629, 'learning_rate': 2.3240800516462235e-05, 'epoch': 1.1295788284653865}
{'loss': 0.15, 'grad_norm': 6.321243762969971, 'learning_rate': 2.314396384764364e-05, 'epoch': 1.145715668872035}
{'loss': 0.3006, 'grad_norm': 0.031994279474020004, 'learning_rate': 2.304712717882505e-05, 'epoch': 1.1618525092786833}
{'loss': 0.2736, 'grad_norm': 44.355281829833984, 'learning_rate': 2.2950290510006454e-05, 'epoch': 1.1779893496853315}
{'loss': 0.1934, 'grad_norm': 9.382104873657227, 'learning_rate': 2.2853453841187863e-05, 'epoch': 1.19412619009198}
{'loss': 0.2695, 'grad_norm': 187.64303588867188, 'learning_rate': 2.2756617172369268e-05, 'epoch': 1.2102630304986284}
{'loss': 0.3089, 'grad_norm': 0.1474977731704712, 'learning_rate': 2.265978050355068e-05, 'epoch': 1.2263998709052768}
{'loss': 0.2366, 'grad_norm': 16.693328857421875, 'learning_rate': 2.2562943834732085e-05, 'epoch': 1.2425367113119252}
{'loss': 0.234, 'grad_norm': 0.045945219695568085, 'learning_rate': 2.2466107165913494e-05, 'epoch': 1.2586735517185734}
{'loss': 0.1973, 'grad_norm': 21.746244430541992, 'learning_rate': 2.2369270497094903e-05, 'epoch': 1.2748103921252218}
{'loss': 0.1605, 'grad_norm': 19.399822235107422, 'learning_rate': 2.2272433828276308e-05, 'epoch': 1.2909472325318703}
{'loss': 0.2409, 'grad_norm': 28.480819702148438, 'learning_rate': 2.2175597159457717e-05, 'epoch': 1.3070840729385187}
{'loss': 0.2571, 'grad_norm': 16.51933479309082, 'learning_rate': 2.2078760490639122e-05, 'epoch': 1.3232209133451671}
{'loss': 0.2694, 'grad_norm': 7.5617995262146, 'learning_rate': 2.198192382182053e-05, 'epoch': 1.3393577537518153}
{'loss': 0.1574, 'grad_norm': 0.017545439302921295, 'learning_rate': 2.1885087153001936e-05, 'epoch': 1.3554945941584637}
{'loss': 0.1933, 'grad_norm': 0.025241194292902946, 'learning_rate': 2.1788250484183344e-05, 'epoch': 1.3716314345651122}
{'loss': 0.2569, 'grad_norm': 0.04627479612827301, 'learning_rate': 2.169141381536475e-05, 'epoch': 1.3877682749717606}
{'loss': 0.2294, 'grad_norm': 0.03755391016602516, 'learning_rate': 2.1594577146546158e-05, 'epoch': 1.403905115378409}
{'loss': 0.2217, 'grad_norm': 0.04437756538391113, 'learning_rate': 2.1497740477727567e-05, 'epoch': 1.4200419557850572}
{'loss': 0.2653, 'grad_norm': 0.1990123838186264, 'learning_rate': 2.1400903808908972e-05, 'epoch': 1.4361787961917056}
{'loss': 0.1793, 'grad_norm': 0.13732869923114777, 'learning_rate': 2.1304067140090384e-05, 'epoch': 1.452315636598354}
{'loss': 0.2899, 'grad_norm': 0.2710095942020416, 'learning_rate': 2.120723047127179e-05, 'epoch': 1.4684524770050025}
{'loss': 0.2857, 'grad_norm': 0.2011728733778, 'learning_rate': 2.1110393802453198e-05, 'epoch': 1.484589317411651}
{'loss': 0.2311, 'grad_norm': 0.256142795085907, 'learning_rate': 2.1013557133634603e-05, 'epoch': 1.500726157818299}
{'loss': 0.2285, 'grad_norm': 0.02299770899116993, 'learning_rate': 2.0916720464816012e-05, 'epoch': 1.5168629982249475}
{'loss': 0.2305, 'grad_norm': 0.03763093054294586, 'learning_rate': 2.0819883795997417e-05, 'epoch': 1.532999838631596}
{'loss': 0.1566, 'grad_norm': 53.95662307739258, 'learning_rate': 2.0723047127178826e-05, 'epoch': 1.5491366790382441}
{'loss': 0.289, 'grad_norm': 0.042575329542160034, 'learning_rate': 2.0626210458360234e-05, 'epoch': 1.5652735194448928}
{'loss': 0.2422, 'grad_norm': 19.81974220275879, 'learning_rate': 2.052937378954164e-05, 'epoch': 1.581410359851541}
{'loss': 0.2541, 'grad_norm': 0.01824595406651497, 'learning_rate': 2.0432537120723048e-05, 'epoch': 1.5975472002581894}
{'loss': 0.2447, 'grad_norm': 20.418506622314453, 'learning_rate': 2.0335700451904453e-05, 'epoch': 1.6136840406648378}
{'loss': 0.2608, 'grad_norm': 133.2571258544922, 'learning_rate': 2.0238863783085862e-05, 'epoch': 1.629820881071486}
{'loss': 0.1985, 'grad_norm': 0.015360826626420021, 'learning_rate': 2.0142027114267267e-05, 'epoch': 1.6459577214781347}
{'loss': 0.2902, 'grad_norm': 0.16515041887760162, 'learning_rate': 2.0045190445448676e-05, 'epoch': 1.6620945618847829}
{'loss': 0.1991, 'grad_norm': 0.012253943830728531, 'learning_rate': 1.9948353776630084e-05, 'epoch': 1.6782314022914313}
{'loss': 0.3342, 'grad_norm': 0.5145742893218994, 'learning_rate': 1.9851517107811493e-05, 'epoch': 1.6943682426980797}
{'loss': 0.2042, 'grad_norm': 9.291626930236816, 'learning_rate': 1.97546804389929e-05, 'epoch': 1.710505083104728}
{'loss': 0.2932, 'grad_norm': 2.377678871154785, 'learning_rate': 1.9657843770174307e-05, 'epoch': 1.7266419235113766}
{'loss': 0.2595, 'grad_norm': 50.79280090332031, 'learning_rate': 1.9561007101355716e-05, 'epoch': 1.7427787639180248}
{'loss': 0.3037, 'grad_norm': 12.148442268371582, 'learning_rate': 1.946417043253712e-05, 'epoch': 1.7589156043246732}
{'loss': 0.2826, 'grad_norm': 0.02193526178598404, 'learning_rate': 1.936733376371853e-05, 'epoch': 1.7750524447313216}
{'loss': 0.2969, 'grad_norm': 0.03644983097910881, 'learning_rate': 1.9270497094899935e-05, 'epoch': 1.7911892851379698}
{'loss': 0.1861, 'grad_norm': 123.1756362915039, 'learning_rate': 1.9173660426081343e-05, 'epoch': 1.8073261255446185}
{'loss': 0.1998, 'grad_norm': 22.266376495361328, 'learning_rate': 1.9076823757262752e-05, 'epoch': 1.8234629659512667}
{'loss': 0.2386, 'grad_norm': 0.2070137858390808, 'learning_rate': 1.8979987088444157e-05, 'epoch': 1.839599806357915}
{'loss': 0.255, 'grad_norm': 256.9886169433594, 'learning_rate': 1.8883150419625566e-05, 'epoch': 1.8557366467645635}
{'loss': 0.1713, 'grad_norm': 0.011109167709946632, 'learning_rate': 1.878631375080697e-05, 'epoch': 1.8718734871712117}
{'loss': 0.2766, 'grad_norm': 0.044371381402015686, 'learning_rate': 1.868947708198838e-05, 'epoch': 1.8880103275778604}
{'loss': 0.2474, 'grad_norm': 14.10180377960205, 'learning_rate': 1.8592640413169785e-05, 'epoch': 1.9041471679845086}
{'loss': 0.2743, 'grad_norm': 0.08011424541473389, 'learning_rate': 1.8495803744351197e-05, 'epoch': 1.920284008391157}
{'loss': 0.2266, 'grad_norm': 59.45161437988281, 'learning_rate': 1.8398967075532602e-05, 'epoch': 1.9364208487978054}
{'loss': 0.2094, 'grad_norm': 0.01735352724790573, 'learning_rate': 1.830213040671401e-05, 'epoch': 1.9525576892044536}
{'loss': 0.2252, 'grad_norm': 8.757689476013184, 'learning_rate': 1.8205293737895416e-05, 'epoch': 1.9686945296111023}
{'loss': 0.2186, 'grad_norm': 0.055458687245845795, 'learning_rate': 1.8108457069076825e-05, 'epoch': 1.9848313700177505}
{'eval_runtime': 15.9562, 'eval_samples_per_second': 791.105, 'eval_steps_per_second': 98.896, 'epoch': 2.0}
{'loss': 0.2384, 'grad_norm': 21.513103485107422, 'learning_rate': 1.8011620400258233e-05, 'epoch': 2.000968210424399}
{'loss': 0.146, 'grad_norm': 0.0996018573641777, 'learning_rate': 1.791478373143964e-05, 'epoch': 2.0171050508310473}
{'loss': 0.1611, 'grad_norm': 0.27014249563217163, 'learning_rate': 1.7817947062621047e-05, 'epoch': 2.0332418912376955}
{'loss': 0.2629, 'grad_norm': 23.416099548339844, 'learning_rate': 1.7721110393802452e-05, 'epoch': 2.049378731644344}
{'loss': 0.1826, 'grad_norm': 0.20113161206245422, 'learning_rate': 1.762427372498386e-05, 'epoch': 2.0655155720509923}
{'loss': 0.2414, 'grad_norm': 28.28037452697754, 'learning_rate': 1.7527437056165266e-05, 'epoch': 2.081652412457641}
{'loss': 0.1866, 'grad_norm': 42.817352294921875, 'learning_rate': 1.7430600387346675e-05, 'epoch': 2.097789252864289}
{'loss': 0.2242, 'grad_norm': 0.03894289582967758, 'learning_rate': 1.7333763718528083e-05, 'epoch': 2.1139260932709374}
{'loss': 0.1455, 'grad_norm': 43.45624542236328, 'learning_rate': 1.723692704970949e-05, 'epoch': 2.130062933677586}
{'loss': 0.1205, 'grad_norm': 97.63102722167969, 'learning_rate': 1.71400903808909e-05, 'epoch': 2.1461997740842342}
{'loss': 0.1765, 'grad_norm': 23.56631088256836, 'learning_rate': 1.7043253712072306e-05, 'epoch': 2.162336614490883}
{'loss': 0.1877, 'grad_norm': 23.423389434814453, 'learning_rate': 1.6946417043253714e-05, 'epoch': 2.178473454897531}
{'loss': 0.2243, 'grad_norm': 0.13626089692115784, 'learning_rate': 1.684958037443512e-05, 'epoch': 2.1946102953041793}
{'loss': 0.1462, 'grad_norm': 0.4661409854888916, 'learning_rate': 1.675274370561653e-05, 'epoch': 2.210747135710828}
{'loss': 0.2363, 'grad_norm': 0.07430613040924072, 'learning_rate': 1.6655907036797934e-05, 'epoch': 2.226883976117476}
{'loss': 0.1738, 'grad_norm': 10.717092514038086, 'learning_rate': 1.6559070367979342e-05, 'epoch': 2.2430208165241248}
{'loss': 0.1633, 'grad_norm': 0.10626520961523056, 'learning_rate': 1.646223369916075e-05, 'epoch': 2.259157656930773}
{'loss': 0.239, 'grad_norm': 56.63863754272461, 'learning_rate': 1.6365397030342156e-05, 'epoch': 2.275294497337421}
{'loss': 0.1977, 'grad_norm': 32.034847259521484, 'learning_rate': 1.6268560361523565e-05, 'epoch': 2.29143133774407}
{'loss': 0.1647, 'grad_norm': 0.06858079135417938, 'learning_rate': 1.617172369270497e-05, 'epoch': 2.307568178150718}
{'loss': 0.2176, 'grad_norm': 0.06174874305725098, 'learning_rate': 1.607488702388638e-05, 'epoch': 2.3237050185573667}
{'loss': 0.1735, 'grad_norm': 0.16571056842803955, 'learning_rate': 1.5978050355067784e-05, 'epoch': 2.339841858964015}
{'loss': 0.209, 'grad_norm': 0.10952899605035782, 'learning_rate': 1.5881213686249192e-05, 'epoch': 2.355978699370663}
{'loss': 0.2151, 'grad_norm': 0.13273032009601593, 'learning_rate': 1.57843770174306e-05, 'epoch': 2.3721155397773117}
{'loss': 0.1732, 'grad_norm': 0.07231540232896805, 'learning_rate': 1.568754034861201e-05, 'epoch': 2.38825238018396}
{'loss': 0.2118, 'grad_norm': 23.478389739990234, 'learning_rate': 1.5590703679793418e-05, 'epoch': 2.404389220590608}
{'loss': 0.2157, 'grad_norm': 37.659576416015625, 'learning_rate': 1.5493867010974824e-05, 'epoch': 2.4205260609972568}
{'loss': 0.1331, 'grad_norm': 5.563150882720947, 'learning_rate': 1.5397030342156232e-05, 'epoch': 2.436662901403905}
{'loss': 0.1518, 'grad_norm': 31.9240779876709, 'learning_rate': 1.5300193673337637e-05, 'epoch': 2.4527997418105536}
{'loss': 0.2347, 'grad_norm': 15.384264945983887, 'learning_rate': 1.5203357004519044e-05, 'epoch': 2.468936582217202}
{'loss': 0.1815, 'grad_norm': 15.682122230529785, 'learning_rate': 1.5106520335700453e-05, 'epoch': 2.4850734226238504}
{'loss': 0.141, 'grad_norm': 0.01778511330485344, 'learning_rate': 1.500968366688186e-05, 'epoch': 2.5012102630304986}
{'loss': 0.1535, 'grad_norm': 0.08803883194923401, 'learning_rate': 1.4912846998063267e-05, 'epoch': 2.517347103437147}
{'loss': 0.2447, 'grad_norm': 0.04301276430487633, 'learning_rate': 1.4816010329244674e-05, 'epoch': 2.5334839438437955}
{'loss': 0.0813, 'grad_norm': 7.456264495849609, 'learning_rate': 1.4719173660426082e-05, 'epoch': 2.5496207842504437}
{'loss': 0.2089, 'grad_norm': 0.06185278668999672, 'learning_rate': 1.462233699160749e-05, 'epoch': 2.565757624657092}
{'loss': 0.1274, 'grad_norm': 3.79709792137146, 'learning_rate': 1.4525500322788896e-05, 'epoch': 2.5818944650637405}
{'loss': 0.2122, 'grad_norm': 17.54474639892578, 'learning_rate': 1.4428663653970303e-05, 'epoch': 2.5980313054703887}
{'loss': 0.1605, 'grad_norm': 0.031203743070364, 'learning_rate': 1.433182698515171e-05, 'epoch': 2.6141681458770374}
{'loss': 0.1636, 'grad_norm': 0.6362838745117188, 'learning_rate': 1.4234990316333119e-05, 'epoch': 2.6303049862836856}
{'loss': 0.1955, 'grad_norm': 38.37825393676758, 'learning_rate': 1.4138153647514526e-05, 'epoch': 2.6464418266903342}
{'loss': 0.1764, 'grad_norm': 42.17800521850586, 'learning_rate': 1.4041316978695934e-05, 'epoch': 2.6625786670969824}
{'loss': 0.1991, 'grad_norm': 40.395591735839844, 'learning_rate': 1.3944480309877341e-05, 'epoch': 2.6787155075036306}
{'loss': 0.1447, 'grad_norm': 7.560396671295166, 'learning_rate': 1.384958037443512e-05, 'epoch': 2.6948523479102793}
{'loss': 0.156, 'grad_norm': 5.383986473083496, 'learning_rate': 1.3752743705616527e-05, 'epoch': 2.7109891883169275}
{'loss': 0.196, 'grad_norm': 21.974693298339844, 'learning_rate': 1.3655907036797934e-05, 'epoch': 2.7271260287235757}
{'loss': 0.1236, 'grad_norm': 0.16960348188877106, 'learning_rate': 1.3559070367979342e-05, 'epoch': 2.7432628691302243}
{'loss': 0.2248, 'grad_norm': 0.18850764632225037, 'learning_rate': 1.3462233699160749e-05, 'epoch': 2.7593997095368725}
{'loss': 0.1976, 'grad_norm': 4.1365742683410645, 'learning_rate': 1.3365397030342158e-05, 'epoch': 2.775536549943521}
{'loss': 0.1169, 'grad_norm': 0.010271597653627396, 'learning_rate': 1.3268560361523565e-05, 'epoch': 2.7916733903501694}
{'loss': 0.2139, 'grad_norm': 42.68478775024414, 'learning_rate': 1.3171723692704972e-05, 'epoch': 2.807810230756818}
{'loss': 0.1267, 'grad_norm': 0.020238077268004417, 'learning_rate': 1.3074887023886378e-05, 'epoch': 2.823947071163466}
{'loss': 0.1579, 'grad_norm': 0.02152831479907036, 'learning_rate': 1.2979987088444159e-05, 'epoch': 2.8400839115701144}
{'loss': 0.1497, 'grad_norm': 5.185143947601318, 'learning_rate': 1.2883150419625566e-05, 'epoch': 2.856220751976763}
{'loss': 0.15, 'grad_norm': 0.0773022472858429, 'learning_rate': 1.2786313750806973e-05, 'epoch': 2.8723575923834113}
{'loss': 0.1886, 'grad_norm': 18.55181884765625, 'learning_rate': 1.268947708198838e-05, 'epoch': 2.8884944327900595}
{'loss': 0.1334, 'grad_norm': 19.692129135131836, 'learning_rate': 1.2592640413169786e-05, 'epoch': 2.904631273196708}
{'loss': 0.1293, 'grad_norm': 12.252890586853027, 'learning_rate': 1.2495803744351193e-05, 'epoch': 2.9207681136033563}
{'loss': 0.1368, 'grad_norm': 34.26683807373047, 'learning_rate': 1.2398967075532602e-05, 'epoch': 2.936904954010005}
{'loss': 0.1739, 'grad_norm': 22.595598220825195, 'learning_rate': 1.230213040671401e-05, 'epoch': 2.953041794416653}
{'loss': 0.1206, 'grad_norm': 0.07443799078464508, 'learning_rate': 1.2205293737895417e-05, 'epoch': 2.969178634823302}
{'loss': 0.1614, 'grad_norm': 0.016268927603960037, 'learning_rate': 1.2108457069076824e-05, 'epoch': 2.98531547522995}
{'eval_runtime': 16.547, 'eval_samples_per_second': 762.857, 'eval_steps_per_second': 95.365, 'epoch': 2.9998386315959333}
{'loss': 0.1368, 'grad_norm': 0.06313934177160263, 'learning_rate': 1.2011620400258231e-05, 'epoch': 3.001452315636598}
{'loss': 0.1111, 'grad_norm': 0.009119422174990177, 'learning_rate': 1.1914783731439638e-05, 'epoch': 3.017589156043247}
{'loss': 0.1923, 'grad_norm': 2.3349242210388184, 'learning_rate': 1.1817947062621045e-05, 'epoch': 3.033725996449895}
{'loss': 0.132, 'grad_norm': 0.00566959660500288, 'learning_rate': 1.1721110393802452e-05, 'epoch': 3.0498628368565437}
{'loss': 0.1678, 'grad_norm': 0.008490157313644886, 'learning_rate': 1.162427372498386e-05, 'epoch': 3.065999677263192}
{'loss': 0.1313, 'grad_norm': 0.040648892521858215, 'learning_rate': 1.152743705616527e-05, 'epoch': 3.08213651766984}
{'loss': 0.1683, 'grad_norm': 0.04602811858057976, 'learning_rate': 1.1430600387346676e-05, 'epoch': 3.0982733580764887}
{'loss': 0.1512, 'grad_norm': 0.025608930736780167, 'learning_rate': 1.1333763718528083e-05, 'epoch': 3.114410198483137}
{'loss': 0.1261, 'grad_norm': 0.04973011091351509, 'learning_rate': 1.123692704970949e-05, 'epoch': 3.1305470388897856}
{'loss': 0.0777, 'grad_norm': 0.009800511412322521, 'learning_rate': 1.1140090380890897e-05, 'epoch': 3.146683879296434}
{'loss': 0.0776, 'grad_norm': 45.790977478027344, 'learning_rate': 1.1043253712072304e-05, 'epoch': 3.162820719703082}
{'loss': 0.194, 'grad_norm': 0.013821749947965145, 'learning_rate': 1.0946417043253713e-05, 'epoch': 3.1789575601097306}
{'loss': 0.1524, 'grad_norm': 84.48136901855469, 'learning_rate': 1.084958037443512e-05, 'epoch': 3.195094400516379}
{'loss': 0.1238, 'grad_norm': 0.10524185746908188, 'learning_rate': 1.0752743705616527e-05, 'epoch': 3.2112312409230275}
{'loss': 0.074, 'grad_norm': 0.004649719223380089, 'learning_rate': 1.0655907036797935e-05, 'epoch': 3.2273680813296757}
{'loss': 0.1957, 'grad_norm': 0.016191022470593452, 'learning_rate': 1.0559070367979342e-05, 'epoch': 3.243504921736324}
{'loss': 0.1479, 'grad_norm': 361.68731689453125, 'learning_rate': 1.0462233699160749e-05, 'epoch': 3.2596417621429725}
{'loss': 0.1703, 'grad_norm': 0.01749231666326523, 'learning_rate': 1.0365397030342156e-05, 'epoch': 3.2757786025496207}
{'loss': 0.1662, 'grad_norm': 39.60976028442383, 'learning_rate': 1.0268560361523565e-05, 'epoch': 3.2919154429562694}
{'loss': 0.1133, 'grad_norm': 9.825275421142578, 'learning_rate': 1.0171723692704971e-05, 'epoch': 3.3080522833629176}
{'loss': 0.1354, 'grad_norm': 0.009006606414914131, 'learning_rate': 1.0074887023886378e-05, 'epoch': 3.3241891237695658}
{'loss': 0.1336, 'grad_norm': 12.314766883850098, 'learning_rate': 9.978050355067785e-06, 'epoch': 3.3403259641762144}
{'loss': 0.1415, 'grad_norm': 33.299285888671875, 'learning_rate': 9.881213686249192e-06, 'epoch': 3.3564628045828626}
{'loss': 0.1718, 'grad_norm': 0.008748491294682026, 'learning_rate': 9.784377017430601e-06, 'epoch': 3.372599644989511}
{'loss': 0.1354, 'grad_norm': 95.94965362548828, 'learning_rate': 9.687540348612008e-06, 'epoch': 3.3887364853961595}
{'loss': 0.109, 'grad_norm': 14.268318176269531, 'learning_rate': 9.590703679793416e-06, 'epoch': 3.4048733258028077}
{'loss': 0.1265, 'grad_norm': 0.04267448931932449, 'learning_rate': 9.493867010974823e-06, 'epoch': 3.4210101662094563}
{'loss': 0.1704, 'grad_norm': 0.009701985865831375, 'learning_rate': 9.398967075532602e-06, 'epoch': 3.4371470066161045}
{'loss': 0.1831, 'grad_norm': 0.009700795635581017, 'learning_rate': 9.302130406714009e-06, 'epoch': 3.453283847022753}
{'loss': 0.0743, 'grad_norm': 0.017026284709572792, 'learning_rate': 9.205293737895416e-06, 'epoch': 3.4694206874294014}
{'loss': 0.1756, 'grad_norm': 0.013988874852657318, 'learning_rate': 9.108457069076823e-06, 'epoch': 3.4855575278360496}
{'loss': 0.1423, 'grad_norm': 62.10480499267578, 'learning_rate': 9.011620400258231e-06, 'epoch': 3.501694368242698}
{'loss': 0.1182, 'grad_norm': 0.034681759774684906, 'learning_rate': 8.91478373143964e-06, 'epoch': 3.5178312086493464}
{'loss': 0.1785, 'grad_norm': 1.4069932699203491, 'learning_rate': 8.817947062621047e-06, 'epoch': 3.5339680490559946}
{'loss': 0.1831, 'grad_norm': 71.83999633789062, 'learning_rate': 8.721110393802454e-06, 'epoch': 3.5501048894626432}
{'loss': 0.1398, 'grad_norm': 15.758825302124023, 'learning_rate': 8.62427372498386e-06, 'epoch': 3.5662417298692914}
{'loss': 0.0916, 'grad_norm': 0.1498868614435196, 'learning_rate': 8.527437056165268e-06, 'epoch': 3.58237857027594}
{'loss': 0.1759, 'grad_norm': 0.14233671128749847, 'learning_rate': 8.430600387346675e-06, 'epoch': 3.5985154106825883}
{'loss': 0.1337, 'grad_norm': 10.079530715942383, 'learning_rate': 8.333763718528083e-06, 'epoch': 3.614652251089237}
{'loss': 0.1739, 'grad_norm': 4.152527809143066, 'learning_rate': 8.23692704970949e-06, 'epoch': 3.630789091495885}
{'loss': 0.2331, 'grad_norm': 29.021167755126953, 'learning_rate': 8.140090380890897e-06, 'epoch': 3.6469259319025333}
{'loss': 0.1284, 'grad_norm': 32.27081298828125, 'learning_rate': 8.043253712072306e-06, 'epoch': 3.663062772309182}
{'loss': 0.223, 'grad_norm': 0.040148548781871796, 'learning_rate': 7.946417043253713e-06, 'epoch': 3.67919961271583}
{'loss': 0.1586, 'grad_norm': 189.25180053710938, 'learning_rate': 7.84958037443512e-06, 'epoch': 3.6953364531224784}
{'loss': 0.1587, 'grad_norm': 0.023675676435232162, 'learning_rate': 7.752743705616526e-06, 'epoch': 3.711473293529127}
{'loss': 0.1407, 'grad_norm': 47.83869934082031, 'learning_rate': 7.655907036797935e-06, 'epoch': 3.7276101339357752}
{'loss': 0.1381, 'grad_norm': 0.02378075011074543, 'learning_rate': 7.559070367979342e-06, 'epoch': 3.743746974342424}
{'loss': 0.122, 'grad_norm': 0.008141848258674145, 'learning_rate': 7.462233699160749e-06, 'epoch': 3.759883814749072}
{'loss': 0.1242, 'grad_norm': 6.203597545623779, 'learning_rate': 7.365397030342157e-06, 'epoch': 3.7760206551557207}
{'loss': 0.152, 'grad_norm': 0.020342281088232994, 'learning_rate': 7.268560361523564e-06, 'epoch': 3.792157495562369}
{'loss': 0.1239, 'grad_norm': 0.015032480470836163, 'learning_rate': 7.171723692704971e-06, 'epoch': 3.808294335969017}
{'loss': 0.1105, 'grad_norm': 0.0056101251393556595, 'learning_rate': 7.074887023886378e-06, 'epoch': 3.8244311763756658}
{'loss': 0.0955, 'grad_norm': 69.83760833740234, 'learning_rate': 6.978050355067786e-06, 'epoch': 3.840568016782314}
{'loss': 0.0662, 'grad_norm': 0.031886857002973557, 'learning_rate': 6.881213686249193e-06, 'epoch': 3.856704857188962}
{'loss': 0.1232, 'grad_norm': 375.6667785644531, 'learning_rate': 6.784377017430601e-06, 'epoch': 3.872841697595611}
{'loss': 0.1232, 'grad_norm': 0.006347333546727896, 'learning_rate': 6.687540348612008e-06, 'epoch': 3.888978538002259}
{'loss': 0.1412, 'grad_norm': 0.008776326663792133, 'learning_rate': 6.590703679793415e-06, 'epoch': 3.9051153784089077}
{'loss': 0.1631, 'grad_norm': 40.02462387084961, 'learning_rate': 6.493867010974823e-06, 'epoch': 3.921252218815556}
{'loss': 0.1064, 'grad_norm': 1.3857594728469849, 'learning_rate': 6.39703034215623e-06, 'epoch': 3.9373890592222045}
{'loss': 0.1489, 'grad_norm': 5.566101551055908, 'learning_rate': 6.300193673337637e-06, 'epoch': 3.9535258996288527}
{'loss': 0.1044, 'grad_norm': 0.006984940264374018, 'learning_rate': 6.203357004519044e-06, 'epoch': 3.969662740035501}
{'loss': 0.1368, 'grad_norm': 0.02380618266761303, 'learning_rate': 6.106520335700453e-06, 'epoch': 3.9857995804421495}
{'eval_runtime': 15.5557, 'eval_samples_per_second': 811.473, 'eval_steps_per_second': 101.442, 'epoch': 4.0}
{'loss': 0.1534, 'grad_norm': 30.32356834411621, 'learning_rate': 6.00968366688186e-06, 'epoch': 4.001936420848798}
{'loss': 0.1459, 'grad_norm': 0.009317158721387386, 'learning_rate': 5.9128469980632666e-06, 'epoch': 4.018073261255446}
{'loss': 0.084, 'grad_norm': 7.778158187866211, 'learning_rate': 5.816010329244674e-06, 'epoch': 4.034210101662095}
{'loss': 0.1378, 'grad_norm': 1.1981432437896729, 'learning_rate': 5.719173660426081e-06, 'epoch': 4.050346942068743}
{'loss': 0.0855, 'grad_norm': 0.14662332832813263, 'learning_rate': 5.622336991607489e-06, 'epoch': 4.066483782475391}
{'loss': 0.1742, 'grad_norm': 72.55004119873047, 'learning_rate': 5.525500322788896e-06, 'epoch': 4.08262062288204}
{'loss': 0.1238, 'grad_norm': 19.543519973754883, 'learning_rate': 5.428663653970304e-06, 'epoch': 4.098757463288688}
{'loss': 0.1256, 'grad_norm': 0.2025461345911026, 'learning_rate': 5.331826985151711e-06, 'epoch': 4.114894303695336}
{'loss': 0.1542, 'grad_norm': 0.06112198159098625, 'learning_rate': 5.2349903163331185e-06, 'epoch': 4.131031144101985}
{'loss': 0.1032, 'grad_norm': 0.12836027145385742, 'learning_rate': 5.138153647514526e-06, 'epoch': 4.147167984508633}
{'loss': 0.0972, 'grad_norm': 0.42470136284828186, 'learning_rate': 5.041316978695933e-06, 'epoch': 4.163304824915282}
{'loss': 0.1576, 'grad_norm': 35.544212341308594, 'learning_rate': 4.94448030987734e-06, 'epoch': 4.17944166532193}
{'loss': 0.152, 'grad_norm': 22.103601455688477, 'learning_rate': 4.847643641058747e-06, 'epoch': 4.195578505728578}
{'loss': 0.0662, 'grad_norm': 0.1953079104423523, 'learning_rate': 4.750806972240156e-06, 'epoch': 4.211715346135227}
{'loss': 0.0825, 'grad_norm': 0.023314598947763443, 'learning_rate': 4.6539703034215626e-06, 'epoch': 4.227852186541875}
{'loss': 0.1063, 'grad_norm': 0.096844881772995, 'learning_rate': 4.5571336346029695e-06, 'epoch': 4.243989026948523}
{'loss': 0.1417, 'grad_norm': 92.7956771850586, 'learning_rate': 4.4602969657843764e-06, 'epoch': 4.260125867355172}
{'loss': 0.1162, 'grad_norm': 23.852190017700195, 'learning_rate': 4.363460296965785e-06, 'epoch': 4.27626270776182}
{'loss': 0.1241, 'grad_norm': 41.08319854736328, 'learning_rate': 4.266623628147192e-06, 'epoch': 4.2923995481684685}
{'loss': 0.0997, 'grad_norm': 13.065950393676758, 'learning_rate': 4.169786959328599e-06, 'epoch': 4.308536388575117}
{'loss': 0.1038, 'grad_norm': 18.457645416259766, 'learning_rate': 4.072950290510007e-06, 'epoch': 4.324673228981766}
{'loss': 0.0906, 'grad_norm': 63.40993881225586, 'learning_rate': 3.976113621691414e-06, 'epoch': 4.3408100693884135}
{'loss': 0.1005, 'grad_norm': 0.008628836832940578, 'learning_rate': 3.879276952872821e-06, 'epoch': 4.356946909795062}
{'loss': 0.0733, 'grad_norm': 0.0038082757964730263, 'learning_rate': 3.7824402840542283e-06, 'epoch': 4.373083750201711}
{'loss': 0.1117, 'grad_norm': 28.20667266845703, 'learning_rate': 3.6856036152356357e-06, 'epoch': 4.389220590608359}
{'loss': 0.1071, 'grad_norm': 10.556501388549805, 'learning_rate': 3.5887669464170435e-06, 'epoch': 4.405357431015007}
{'loss': 0.1062, 'grad_norm': 87.73664855957031, 'learning_rate': 3.491930277598451e-06, 'epoch': 4.421494271421656}
{'loss': 0.0743, 'grad_norm': 0.022031033411622047, 'learning_rate': 3.395093608779858e-06, 'epoch': 4.437631111828304}
{'loss': 0.0676, 'grad_norm': 0.008923627436161041, 'learning_rate': 3.2982569399612655e-06, 'epoch': 4.453767952234952}
{'loss': 0.1138, 'grad_norm': 0.9190425276756287, 'learning_rate': 3.201420271142673e-06, 'epoch': 4.469904792641601}
{'loss': 0.1326, 'grad_norm': 28.842079162597656, 'learning_rate': 3.1045836023240802e-06, 'epoch': 4.4860416330482495}
{'loss': 0.094, 'grad_norm': 25.02125358581543, 'learning_rate': 3.007746933505487e-06, 'epoch': 4.502178473454897}
{'loss': 0.1031, 'grad_norm': 0.10242468863725662, 'learning_rate': 2.910910264686895e-06, 'epoch': 4.518315313861546}
{'loss': 0.0967, 'grad_norm': 16.863508224487305, 'learning_rate': 2.8140735958683023e-06, 'epoch': 4.534452154268195}
{'loss': 0.1435, 'grad_norm': 0.01522483304142952, 'learning_rate': 2.7172369270497096e-06, 'epoch': 4.550588994674842}
{'loss': 0.0921, 'grad_norm': 34.661102294921875, 'learning_rate': 2.620400258231117e-06, 'epoch': 4.566725835081491}
{'loss': 0.1049, 'grad_norm': 0.09447478502988815, 'learning_rate': 2.5235635894125243e-06, 'epoch': 4.58286267548814}
{'loss': 0.072, 'grad_norm': 0.1006094217300415, 'learning_rate': 2.4267269205939317e-06, 'epoch': 4.598999515894787}
{'loss': 0.0925, 'grad_norm': 2.2412235736846924, 'learning_rate': 2.329890251775339e-06, 'epoch': 4.615136356301436}
{'loss': 0.1185, 'grad_norm': 21.2768611907959, 'learning_rate': 2.2330535829567464e-06, 'epoch': 4.631273196708085}
{'loss': 0.1065, 'grad_norm': 0.015912728384137154, 'learning_rate': 2.1362169141381533e-06, 'epoch': 4.647410037114733}
{'loss': 0.1033, 'grad_norm': 8.923531532287598, 'learning_rate': 2.039380245319561e-06, 'epoch': 4.663546877521381}
{'loss': 0.0578, 'grad_norm': 10.469962120056152, 'learning_rate': 1.9425435765009685e-06, 'epoch': 4.67968371792803}
{'loss': 0.0917, 'grad_norm': 0.07203517854213715, 'learning_rate': 1.8457069076823758e-06, 'epoch': 4.695820558334678}
{'loss': 0.0894, 'grad_norm': 12.32359504699707, 'learning_rate': 1.748870238863783e-06, 'epoch': 4.711957398741326}
{'loss': 0.0992, 'grad_norm': 0.010123665444552898, 'learning_rate': 1.6520335700451905e-06, 'epoch': 4.728094239147975}
{'loss': 0.1338, 'grad_norm': 0.008852837607264519, 'learning_rate': 1.5571336346029698e-06, 'epoch': 4.744231079554623}
{'loss': 0.1125, 'grad_norm': 0.01546018198132515, 'learning_rate': 1.4602969657843772e-06, 'epoch': 4.760367919961272}
{'loss': 0.064, 'grad_norm': 0.13071677088737488, 'learning_rate': 1.3634602969657843e-06, 'epoch': 4.77650476036792}
{'loss': 0.0685, 'grad_norm': 20.021591186523438, 'learning_rate': 1.2666236281471917e-06, 'epoch': 4.7926416007745685}
{'loss': 0.1007, 'grad_norm': 0.02924874983727932, 'learning_rate': 1.169786959328599e-06, 'epoch': 4.808778441181216}
{'loss': 0.0904, 'grad_norm': 0.013676401227712631, 'learning_rate': 1.0729502905100064e-06, 'epoch': 4.824915281587865}
{'loss': 0.1079, 'grad_norm': 11.902384757995605, 'learning_rate': 9.761136216914138e-07, 'epoch': 4.8410521219945135}
{'loss': 0.0628, 'grad_norm': 161.28689575195312, 'learning_rate': 8.792769528728212e-07, 'epoch': 4.857188962401162}
{'loss': 0.0902, 'grad_norm': 0.01208079420030117, 'learning_rate': 7.824402840542286e-07, 'epoch': 4.87332580280781}
{'loss': 0.0661, 'grad_norm': 33.38495635986328, 'learning_rate': 6.856036152356359e-07, 'epoch': 4.889462643214459}
{'loss': 0.1621, 'grad_norm': 0.01665833778679371, 'learning_rate': 5.887669464170433e-07, 'epoch': 4.905599483621107}
{'loss': 0.0867, 'grad_norm': 0.016398049890995026, 'learning_rate': 4.919302775984506e-07, 'epoch': 4.921736324027755}
{'loss': 0.1016, 'grad_norm': 12.458501815795898, 'learning_rate': 3.95093608779858e-07, 'epoch': 4.937873164434404}
{'loss': 0.1593, 'grad_norm': 37.365901947021484, 'learning_rate': 2.9825693996126533e-07, 'epoch': 4.954010004841052}
{'loss': 0.1003, 'grad_norm': 13.612287521362305, 'learning_rate': 2.014202711426727e-07, 'epoch': 4.970146845247701}
{'loss': 0.0713, 'grad_norm': 0.006802593823522329, 'learning_rate': 1.0458360232408005e-07, 'epoch': 4.986283685654349}
{'eval_runtime': 15.2305, 'eval_samples_per_second': 828.797, 'eval_steps_per_second': 103.608, 'epoch': 4.999193157979668}
{'train_runtime': 2838.1601, 'train_samples_per_second': 87.329, 'train_steps_per_second': 5.458, 'train_loss': 0.20140637169352188, 'epoch': 4.999193157979668}
Evaluation results for roberta-base:
{'eval_runtime': 15.5427, 'eval_samples_per_second': 812.15, 'eval_steps_per_second': 101.527, 'epoch': 4.999193157979668}
Evaluation results for roberta-base:
{'eval_runtime': 15.5053, 'eval_samples_per_second': 814.11, 'eval_steps_per_second': 101.772, 'epoch': 4.999193157979668}
{'eval_runtime': 15.5277, 'eval_samples_per_second': 812.935, 'eval_steps_per_second': 101.625, 'epoch': 4.999193157979668}
Evaluation results for roberta-base:
{'eval_runtime': 15.5277, 'eval_samples_per_second': 812.935, 'eval_steps_per_second': 101.625, 'epoch': 4.999193157979668}
Evaluation results for roberta-base:
{'eval_runtime': 15.5098, 'eval_samples_per_second': 813.871, 'eval_steps_per_second': 101.742, 'epoch': 4.999193157979668}

***** Training albert-base-v2 *****

***** Training albert-base-v2 *****

***** Training albert-base-v2 *****

***** Training albert-base-v2 *****
wizard37:73914:77816 [2] NCCL INFO [Service thread] Connection closed by localRank 2
wizard37:73913:77819 [1] NCCL INFO [Service thread] Connection closed by localRank 1
wizard37:73915:77815 [3] NCCL INFO [Service thread] Connection closed by localRank 3
wizard37:73914:104565 [2] NCCL INFO comm 0x106528f0 rank 2 nranks 4 cudaDev 2 busId af000 - Abort COMPLETE
wizard37:73913:104566 [1] NCCL INFO comm 0x10a762e0 rank 1 nranks 4 cudaDev 1 busId 5e000 - Abort COMPLETE
wizard37:73912:77814 [0] NCCL INFO [Service thread] Connection closed by localRank 0
wizard37:73915:104567 [3] NCCL INFO comm 0xf52ff30 rank 3 nranks 4 cudaDev 3 busId d8000 - Abort COMPLETE
wizard37:73912:104568 [0] NCCL INFO comm 0x15f39cd0 rank 0 nranks 4 cudaDev 0 busId 3b000 - Abort COMPLETE
