Epoch 1 completed for bert-base-uncased
Epoch 2 completed for bert-base-uncased
Epoch 3 completed for bert-base-uncased
Epoch 4 completed for bert-base-uncased
Epoch 5 completed for bert-base-uncased
Final evaluation results for bert-base-uncased:
Exact Match (EM): N/A
F1 Score: N/A

Epoch 1 completed for roberta-base
Epoch 2 completed for roberta-base
Epoch 3 completed for roberta-base
Epoch 4 completed for roberta-base
Epoch 5 completed for roberta-base
Final evaluation results for roberta-base:
Exact Match (EM): N/A
F1 Score: N/A

Epoch 1 completed for albert-base-v2
Epoch 2 completed for albert-base-v2
Epoch 3 completed for albert-base-v2
Epoch 4 completed for albert-base-v2
Epoch 5 completed for albert-base-v2
Final evaluation results for albert-base-v2:
Exact Match (EM): N/A
F1 Score: N/A

